{
  "D:\\Work\\Thndr\\Nasdaq\\src\\hooks\\useCachedResources.ts": {
    "path": "D:\\Work\\Thndr\\Nasdaq\\src\\hooks\\useCachedResources.ts",
    "statementMap": {
      "0": {
        "start": {
          "line": 7,
          "column": 50
        },
        "end": {
          "line": 7,
          "column": 65
        }
      },
      "1": {
        "start": {
          "line": 10,
          "column": 2
        },
        "end": {
          "line": 30,
          "column": 9
        }
      },
      "2": {
        "start": {
          "line": 12,
          "column": 6
        },
        "end": {
          "line": 26,
          "column": 7
        }
      },
      "3": {
        "start": {
          "line": 13,
          "column": 8
        },
        "end": {
          "line": 13,
          "column": 44
        }
      },
      "4": {
        "start": {
          "line": 16,
          "column": 8
        },
        "end": {
          "line": 19,
          "column": 11
        }
      },
      "5": {
        "start": {
          "line": 22,
          "column": 8
        },
        "end": {
          "line": 22,
          "column": 24
        }
      },
      "6": {
        "start": {
          "line": 24,
          "column": 8
        },
        "end": {
          "line": 24,
          "column": 33
        }
      },
      "7": {
        "start": {
          "line": 25,
          "column": 8
        },
        "end": {
          "line": 25,
          "column": 33
        }
      },
      "8": {
        "start": {
          "line": 29,
          "column": 4
        },
        "end": {
          "line": 29,
          "column": 32
        }
      },
      "9": {
        "start": {
          "line": 32,
          "column": 2
        },
        "end": {
          "line": 32,
          "column": 27
        }
      }
    },
    "fnMap": {
      "0": {
        "name": "useCachedResources",
        "decl": {
          "start": {
            "line": 6,
            "column": 24
          },
          "end": {
            "line": 6,
            "column": 42
          }
        },
        "loc": {
          "start": {
            "line": 6,
            "column": 45
          },
          "end": {
            "line": 33,
            "column": 1
          }
        },
        "line": 6
      },
      "1": {
        "name": "(anonymous_1)",
        "decl": {
          "start": {
            "line": 10,
            "column": 12
          },
          "end": {
            "line": 10,
            "column": 13
          }
        },
        "loc": {
          "start": {
            "line": 10,
            "column": 18
          },
          "end": {
            "line": 30,
            "column": 3
          }
        },
        "line": 10
      },
      "2": {
        "name": "loadResourcesAndDataAsync",
        "decl": {
          "start": {
            "line": 11,
            "column": 19
          },
          "end": {
            "line": 11,
            "column": 44
          }
        },
        "loc": {
          "start": {
            "line": 11,
            "column": 47
          },
          "end": {
            "line": 27,
            "column": 5
          }
        },
        "line": 11
      }
    },
    "branchMap": {},
    "s": {
      "0": 22,
      "1": 22,
      "2": 11,
      "3": 11,
      "4": 11,
      "5": 0,
      "6": 11,
      "7": 11,
      "8": 11,
      "9": 22
    },
    "f": {
      "0": 22,
      "1": 11,
      "2": 11
    },
    "b": {},
    "_coverageSchema": "1a1c01bbd47fc00a2c39e90264f33305004495a9",
    "hash": "e2b3a2517a15b5d13ed33b78be18d565c0d525b5"
  },
  "D:\\Work\\Thndr\\Nasdaq\\src\\hooks\\useColorScheme.ts": {
    "path": "D:\\Work\\Thndr\\Nasdaq\\src\\hooks\\useColorScheme.ts",
    "statementMap": {
      "0": {
        "start": {
          "line": 7,
          "column": 2
        },
        "end": {
          "line": 7,
          "column": 59
        }
      }
    },
    "fnMap": {
      "0": {
        "name": "useColorScheme",
        "decl": {
          "start": {
            "line": 6,
            "column": 24
          },
          "end": {
            "line": 6,
            "column": 38
          }
        },
        "loc": {
          "start": {
            "line": 6,
            "column": 71
          },
          "end": {
            "line": 8,
            "column": 1
          }
        },
        "line": 6
      }
    },
    "branchMap": {},
    "s": {
      "0": 1763
    },
    "f": {
      "0": 1763
    },
    "b": {},
    "_coverageSchema": "1a1c01bbd47fc00a2c39e90264f33305004495a9",
    "hash": "66d2f9a8a18fcac4f39688257614fce456821c8f"
  },
  "D:\\Work\\Thndr\\Nasdaq\\src\\constants\\theme.ts": {
    "path": "D:\\Work\\Thndr\\Nasdaq\\src\\constants\\theme.ts",
    "statementMap": {},
    "fnMap": {},
    "branchMap": {},
    "s": {},
    "f": {},
    "b": {},
    "_coverageSchema": "1a1c01bbd47fc00a2c39e90264f33305004495a9",
    "hash": "d38d9aa25fb78917eee3ebc3fd61d4313d8c787d"
  },
  "D:\\Work\\Thndr\\Nasdaq\\src\\constants\\index.ts": {
    "path": "D:\\Work\\Thndr\\Nasdaq\\src\\constants\\index.ts",
    "statementMap": {},
    "fnMap": {},
    "branchMap": {},
    "s": {},
    "f": {},
    "b": {},
    "_coverageSchema": "1a1c01bbd47fc00a2c39e90264f33305004495a9",
    "hash": "bfc9d6c94fd8212738446581ad2bbd6a77e0d52b"
  },
  "D:\\Work\\Thndr\\Nasdaq\\src\\components\\Loader.tsx": {
    "path": "D:\\Work\\Thndr\\Nasdaq\\src\\components\\Loader.tsx",
    "statementMap": {
      "0": {
        "start": {
          "line": 5,
          "column": 2
        },
        "end": {
          "line": 5,
          "column": 91
        }
      }
    },
    "fnMap": {
      "0": {
        "name": "Loader",
        "decl": {
          "start": {
            "line": 4,
            "column": 24
          },
          "end": {
            "line": 4,
            "column": 30
          }
        },
        "loc": {
          "start": {
            "line": 4,
            "column": 33
          },
          "end": {
            "line": 6,
            "column": 1
          }
        },
        "line": 4
      }
    },
    "branchMap": {},
    "s": {
      "0": 63
    },
    "f": {
      "0": 63
    },
    "b": {},
    "_coverageSchema": "1a1c01bbd47fc00a2c39e90264f33305004495a9",
    "hash": "d061049e81881a3328db37794caf0e1bf953769d"
  },
  "D:\\Work\\Thndr\\Nasdaq\\src\\constants\\Colors.ts": {
    "path": "D:\\Work\\Thndr\\Nasdaq\\src\\constants\\Colors.ts",
    "statementMap": {
      "0": {
        "start": {
          "line": 1,
          "column": 23
        },
        "end": {
          "line": 1,
          "column": 32
        }
      },
      "1": {
        "start": {
          "line": 2,
          "column": 22
        },
        "end": {
          "line": 2,
          "column": 28
        }
      }
    },
    "fnMap": {},
    "branchMap": {},
    "s": {
      "0": 11,
      "1": 11
    },
    "f": {},
    "b": {},
    "_coverageSchema": "1a1c01bbd47fc00a2c39e90264f33305004495a9",
    "hash": "de97dafde784bbecbf8ad0fa76b247173aac3b89"
  },
  "D:\\Work\\Thndr\\Nasdaq\\src\\components\\Themed.tsx": {
    "path": "D:\\Work\\Thndr\\Nasdaq\\src\\components\\Themed.tsx",
    "statementMap": {
      "0": {
        "start": {
          "line": 15,
          "column": 16
        },
        "end": {
          "line": 15,
          "column": 32
        }
      },
      "1": {
        "start": {
          "line": 16,
          "column": 25
        },
        "end": {
          "line": 16,
          "column": 37
        }
      },
      "2": {
        "start": {
          "line": 18,
          "column": 2
        },
        "end": {
          "line": 22,
          "column": 3
        }
      },
      "3": {
        "start": {
          "line": 19,
          "column": 4
        },
        "end": {
          "line": 19,
          "column": 26
        }
      },
      "4": {
        "start": {
          "line": 21,
          "column": 4
        },
        "end": {
          "line": 21,
          "column": 36
        }
      },
      "5": {
        "start": {
          "line": 34,
          "column": 58
        },
        "end": {
          "line": 34,
          "column": 63
        }
      },
      "6": {
        "start": {
          "line": 35,
          "column": 16
        },
        "end": {
          "line": 35,
          "column": 77
        }
      },
      "7": {
        "start": {
          "line": 37,
          "column": 2
        },
        "end": {
          "line": 37,
          "column": 68
        }
      },
      "8": {
        "start": {
          "line": 41,
          "column": 58
        },
        "end": {
          "line": 41,
          "column": 63
        }
      },
      "9": {
        "start": {
          "line": 42,
          "column": 26
        },
        "end": {
          "line": 42,
          "column": 93
        }
      },
      "10": {
        "start": {
          "line": 44,
          "column": 2
        },
        "end": {
          "line": 44,
          "column": 78
        }
      }
    },
    "fnMap": {
      "0": {
        "name": "useThemeColor",
        "decl": {
          "start": {
            "line": 11,
            "column": 16
          },
          "end": {
            "line": 11,
            "column": 29
          }
        },
        "loc": {
          "start": {
            "line": 14,
            "column": 2
          },
          "end": {
            "line": 23,
            "column": 1
          }
        },
        "line": 14
      },
      "1": {
        "name": "Text",
        "decl": {
          "start": {
            "line": 33,
            "column": 16
          },
          "end": {
            "line": 33,
            "column": 20
          }
        },
        "loc": {
          "start": {
            "line": 33,
            "column": 39
          },
          "end": {
            "line": 38,
            "column": 1
          }
        },
        "line": 33
      },
      "2": {
        "name": "View",
        "decl": {
          "start": {
            "line": 40,
            "column": 16
          },
          "end": {
            "line": 40,
            "column": 20
          }
        },
        "loc": {
          "start": {
            "line": 40,
            "column": 39
          },
          "end": {
            "line": 45,
            "column": 1
          }
        },
        "line": 40
      }
    },
    "branchMap": {
      "0": {
        "loc": {
          "start": {
            "line": 18,
            "column": 2
          },
          "end": {
            "line": 22,
            "column": 3
          }
        },
        "type": "if",
        "locations": [
          {
            "start": {
              "line": 18,
              "column": 2
            },
            "end": {
              "line": 22,
              "column": 3
            }
          },
          {
            "start": {
              "line": 20,
              "column": 9
            },
            "end": {
              "line": 22,
              "column": 3
            }
          }
        ],
        "line": 18
      }
    },
    "s": {
      "0": 1741,
      "1": 1741,
      "2": 1741,
      "3": 0,
      "4": 1741,
      "5": 1741,
      "6": 1741,
      "7": 1741,
      "8": 0,
      "9": 0,
      "10": 0
    },
    "f": {
      "0": 1741,
      "1": 1741,
      "2": 0
    },
    "b": {
      "0": [
        0,
        1741
      ]
    },
    "_coverageSchema": "1a1c01bbd47fc00a2c39e90264f33305004495a9",
    "hash": "948cfd524903b6cdc9b600151db845ebf6e04cef"
  },
  "D:\\Work\\Thndr\\Nasdaq\\src\\components\\ThemeText.tsx": {
    "path": "D:\\Work\\Thndr\\Nasdaq\\src\\components\\ThemeText.tsx",
    "statementMap": {
      "0": {
        "start": {
          "line": 5,
          "column": 2
        },
        "end": {
          "line": 5,
          "column": 86
        }
      }
    },
    "fnMap": {
      "0": {
        "name": "ThemeText",
        "decl": {
          "start": {
            "line": 4,
            "column": 16
          },
          "end": {
            "line": 4,
            "column": 25
          }
        },
        "loc": {
          "start": {
            "line": 4,
            "column": 44
          },
          "end": {
            "line": 6,
            "column": 1
          }
        },
        "line": 4
      }
    },
    "branchMap": {},
    "s": {
      "0": 1741
    },
    "f": {
      "0": 1741
    },
    "b": {},
    "_coverageSchema": "1a1c01bbd47fc00a2c39e90264f33305004495a9",
    "hash": "159cd1ecc9195bd343bcb0c9467fbc8ae9e2ca22"
  },
  "D:\\Work\\Thndr\\Nasdaq\\src\\overmind\\state.ts": {
    "path": "D:\\Work\\Thndr\\Nasdaq\\src\\overmind\\state.ts",
    "statementMap": {
      "0": {
        "start": {
          "line": 27,
          "column": 28
        },
        "end": {
          "line": 36,
          "column": 1
        }
      }
    },
    "fnMap": {},
    "branchMap": {},
    "s": {
      "0": 11
    },
    "f": {},
    "b": {},
    "_coverageSchema": "1a1c01bbd47fc00a2c39e90264f33305004495a9",
    "hash": "2379d55c68b1eee234e45773b14b68a2603c6e0a"
  },
  "D:\\Work\\Thndr\\Nasdaq\\src\\overmind\\actions.ts": {
    "path": "D:\\Work\\Thndr\\Nasdaq\\src\\overmind\\actions.ts",
    "statementMap": {
      "0": {
        "start": {
          "line": 9,
          "column": 26
        },
        "end": {
          "line": 26,
          "column": 1
        }
      },
      "1": {
        "start": {
          "line": 13,
          "column": 2
        },
        "end": {
          "line": 13,
          "column": 33
        }
      },
      "2": {
        "start": {
          "line": 14,
          "column": 2
        },
        "end": {
          "line": 25,
          "column": 3
        }
      },
      "3": {
        "start": {
          "line": 15,
          "column": 22
        },
        "end": {
          "line": 17,
          "column": 5
        }
      },
      "4": {
        "start": {
          "line": 18,
          "column": 4
        },
        "end": {
          "line": 20,
          "column": 42
        }
      },
      "5": {
        "start": {
          "line": 19,
          "column": 6
        },
        "end": {
          "line": 19,
          "column": 69
        }
      },
      "6": {
        "start": {
          "line": 20,
          "column": 9
        },
        "end": {
          "line": 20,
          "column": 42
        }
      },
      "7": {
        "start": {
          "line": 22,
          "column": 4
        },
        "end": {
          "line": 22,
          "column": 21
        }
      },
      "8": {
        "start": {
          "line": 24,
          "column": 4
        },
        "end": {
          "line": 24,
          "column": 36
        }
      },
      "9": {
        "start": {
          "line": 28,
          "column": 32
        },
        "end": {
          "line": 49,
          "column": 1
        }
      },
      "10": {
        "start": {
          "line": 29,
          "column": 2
        },
        "end": {
          "line": 29,
          "column": 33
        }
      },
      "11": {
        "start": {
          "line": 30,
          "column": 2
        },
        "end": {
          "line": 48,
          "column": 3
        }
      },
      "12": {
        "start": {
          "line": 32,
          "column": 25
        },
        "end": {
          "line": 34,
          "column": 5
        }
      },
      "13": {
        "start": {
          "line": 36,
          "column": 4
        },
        "end": {
          "line": 43,
          "column": 5
        }
      },
      "14": {
        "start": {
          "line": 37,
          "column": 6
        },
        "end": {
          "line": 40,
          "column": 8
        }
      },
      "15": {
        "start": {
          "line": 41,
          "column": 6
        },
        "end": {
          "line": 41,
          "column": 44
        }
      },
      "16": {
        "start": {
          "line": 42,
          "column": 6
        },
        "end": {
          "line": 42,
          "column": 38
        }
      },
      "17": {
        "start": {
          "line": 45,
          "column": 4
        },
        "end": {
          "line": 45,
          "column": 21
        }
      },
      "18": {
        "start": {
          "line": 47,
          "column": 4
        },
        "end": {
          "line": 47,
          "column": 36
        }
      },
      "19": {
        "start": {
          "line": 51,
          "column": 29
        },
        "end": {
          "line": 70,
          "column": 1
        }
      },
      "20": {
        "start": {
          "line": 52,
          "column": 2
        },
        "end": {
          "line": 52,
          "column": 37
        }
      },
      "21": {
        "start": {
          "line": 53,
          "column": 2
        },
        "end": {
          "line": 69,
          "column": 3
        }
      },
      "22": {
        "start": {
          "line": 55,
          "column": 22
        },
        "end": {
          "line": 55,
          "column": 79
        }
      },
      "23": {
        "start": {
          "line": 57,
          "column": 4
        },
        "end": {
          "line": 64,
          "column": 5
        }
      },
      "24": {
        "start": {
          "line": 58,
          "column": 6
        },
        "end": {
          "line": 61,
          "column": 8
        }
      },
      "25": {
        "start": {
          "line": 62,
          "column": 6
        },
        "end": {
          "line": 62,
          "column": 44
        }
      },
      "26": {
        "start": {
          "line": 63,
          "column": 6
        },
        "end": {
          "line": 63,
          "column": 38
        }
      },
      "27": {
        "start": {
          "line": 66,
          "column": 4
        },
        "end": {
          "line": 66,
          "column": 21
        }
      },
      "28": {
        "start": {
          "line": 68,
          "column": 4
        },
        "end": {
          "line": 68,
          "column": 40
        }
      },
      "29": {
        "start": {
          "line": 72,
          "column": 21
        },
        "end": {
          "line": 78,
          "column": 1
        }
      },
      "30": {
        "start": {
          "line": 73,
          "column": 19
        },
        "end": {
          "line": 75,
          "column": 3
        }
      },
      "31": {
        "start": {
          "line": 74,
          "column": 11
        },
        "end": {
          "line": 74,
          "column": 36
        }
      },
      "32": {
        "start": {
          "line": 76,
          "column": 2
        },
        "end": {
          "line": 77,
          "column": 53
        }
      },
      "33": {
        "start": {
          "line": 76,
          "column": 24
        },
        "end": {
          "line": 76,
          "column": 78
        }
      },
      "34": {
        "start": {
          "line": 77,
          "column": 7
        },
        "end": {
          "line": 77,
          "column": 53
        }
      }
    },
    "fnMap": {
      "0": {
        "name": "(anonymous_0)",
        "decl": {
          "start": {
            "line": 9,
            "column": 26
          },
          "end": {
            "line": 9,
            "column": 27
          }
        },
        "loc": {
          "start": {
            "line": 12,
            "column": 5
          },
          "end": {
            "line": 26,
            "column": 1
          }
        },
        "line": 12
      },
      "1": {
        "name": "(anonymous_1)",
        "decl": {
          "start": {
            "line": 28,
            "column": 32
          },
          "end": {
            "line": 28,
            "column": 33
          }
        },
        "loc": {
          "start": {
            "line": 28,
            "column": 76
          },
          "end": {
            "line": 49,
            "column": 1
          }
        },
        "line": 28
      },
      "2": {
        "name": "(anonymous_2)",
        "decl": {
          "start": {
            "line": 51,
            "column": 29
          },
          "end": {
            "line": 51,
            "column": 30
          }
        },
        "loc": {
          "start": {
            "line": 51,
            "column": 73
          },
          "end": {
            "line": 70,
            "column": 1
          }
        },
        "line": 51
      },
      "3": {
        "name": "(anonymous_3)",
        "decl": {
          "start": {
            "line": 72,
            "column": 21
          },
          "end": {
            "line": 72,
            "column": 22
          }
        },
        "loc": {
          "start": {
            "line": 72,
            "column": 57
          },
          "end": {
            "line": 78,
            "column": 1
          }
        },
        "line": 72
      },
      "4": {
        "name": "(anonymous_4)",
        "decl": {
          "start": {
            "line": 74,
            "column": 4
          },
          "end": {
            "line": 74,
            "column": 5
          }
        },
        "loc": {
          "start": {
            "line": 74,
            "column": 11
          },
          "end": {
            "line": 74,
            "column": 36
          }
        },
        "line": 74
      }
    },
    "branchMap": {
      "0": {
        "loc": {
          "start": {
            "line": 11,
            "column": 2
          },
          "end": {
            "line": 11,
            "column": 33
          }
        },
        "type": "default-arg",
        "locations": [
          {
            "start": {
              "line": 11,
              "column": 31
            },
            "end": {
              "line": 11,
              "column": 33
            }
          }
        ],
        "line": 11
      },
      "1": {
        "loc": {
          "start": {
            "line": 18,
            "column": 4
          },
          "end": {
            "line": 20,
            "column": 42
          }
        },
        "type": "if",
        "locations": [
          {
            "start": {
              "line": 18,
              "column": 4
            },
            "end": {
              "line": 20,
              "column": 42
            }
          },
          {
            "start": {
              "line": 20,
              "column": 9
            },
            "end": {
              "line": 20,
              "column": 42
            }
          }
        ],
        "line": 18
      },
      "2": {
        "loc": {
          "start": {
            "line": 36,
            "column": 4
          },
          "end": {
            "line": 43,
            "column": 5
          }
        },
        "type": "if",
        "locations": [
          {
            "start": {
              "line": 36,
              "column": 4
            },
            "end": {
              "line": 43,
              "column": 5
            }
          },
          {
            "start": {},
            "end": {}
          }
        ],
        "line": 36
      },
      "3": {
        "loc": {
          "start": {
            "line": 57,
            "column": 4
          },
          "end": {
            "line": 64,
            "column": 5
          }
        },
        "type": "if",
        "locations": [
          {
            "start": {
              "line": 57,
              "column": 4
            },
            "end": {
              "line": 64,
              "column": 5
            }
          },
          {
            "start": {},
            "end": {}
          }
        ],
        "line": 57
      },
      "4": {
        "loc": {
          "start": {
            "line": 76,
            "column": 2
          },
          "end": {
            "line": 77,
            "column": 53
          }
        },
        "type": "if",
        "locations": [
          {
            "start": {
              "line": 76,
              "column": 2
            },
            "end": {
              "line": 77,
              "column": 53
            }
          },
          {
            "start": {
              "line": 77,
              "column": 7
            },
            "end": {
              "line": 77,
              "column": 53
            }
          }
        ],
        "line": 76
      }
    },
    "s": {
      "0": 11,
      "1": 29,
      "2": 29,
      "3": 29,
      "4": 26,
      "5": 11,
      "6": 15,
      "7": 0,
      "8": 26,
      "9": 11,
      "10": 1,
      "11": 1,
      "12": 1,
      "13": 1,
      "14": 1,
      "15": 1,
      "16": 1,
      "17": 0,
      "18": 1,
      "19": 11,
      "20": 1,
      "21": 1,
      "22": 1,
      "23": 0,
      "24": 0,
      "25": 0,
      "26": 0,
      "27": 0,
      "28": 0,
      "29": 11,
      "30": 1,
      "31": 0,
      "32": 1,
      "33": 0,
      "34": 1
    },
    "f": {
      "0": 29,
      "1": 1,
      "2": 1,
      "3": 1,
      "4": 0
    },
    "b": {
      "0": [
        11
      ],
      "1": [
        11,
        15
      ],
      "2": [
        1,
        0
      ],
      "3": [
        0,
        0
      ],
      "4": [
        0,
        1
      ]
    },
    "_coverageSchema": "1a1c01bbd47fc00a2c39e90264f33305004495a9",
    "hash": "eb889f34dded4c4f312c6eb675794007bc8214ba"
  },
  "D:\\Work\\Thndr\\Nasdaq\\src\\overmind\\effects.ts": {
    "path": "D:\\Work\\Thndr\\Nasdaq\\src\\overmind\\effects.ts",
    "statementMap": {
      "0": {
        "start": {
          "line": 6,
          "column": 2
        },
        "end": {
          "line": 6,
          "column": 68
        }
      },
      "1": {
        "start": {
          "line": 7,
          "column": 20
        },
        "end": {
          "line": 7,
          "column": 41
        }
      },
      "2": {
        "start": {
          "line": 9,
          "column": 30
        },
        "end": {
          "line": 102,
          "column": 1
        }
      },
      "3": {
        "start": {
          "line": 11,
          "column": 4
        },
        "end": {
          "line": 38,
          "column": 5
        }
      },
      "4": {
        "start": {
          "line": 12,
          "column": 6
        },
        "end": {
          "line": 34,
          "column": 7
        }
      },
      "5": {
        "start": {
          "line": 13,
          "column": 8
        },
        "end": {
          "line": 17,
          "column": 48
        }
      },
      "6": {
        "start": {
          "line": 17,
          "column": 10
        },
        "end": {
          "line": 17,
          "column": 48
        }
      },
      "7": {
        "start": {
          "line": 18,
          "column": 8
        },
        "end": {
          "line": 25,
          "column": 9
        }
      },
      "8": {
        "start": {
          "line": 19,
          "column": 10
        },
        "end": {
          "line": 23,
          "column": 14
        }
      },
      "9": {
        "start": {
          "line": 20,
          "column": 12
        },
        "end": {
          "line": 23,
          "column": 14
        }
      },
      "10": {
        "start": {
          "line": 24,
          "column": 10
        },
        "end": {
          "line": 24,
          "column": 47
        }
      },
      "11": {
        "start": {
          "line": 26,
          "column": 25
        },
        "end": {
          "line": 26,
          "column": 55
        }
      },
      "12": {
        "start": {
          "line": 27,
          "column": 27
        },
        "end": {
          "line": 27,
          "column": 47
        }
      },
      "13": {
        "start": {
          "line": 28,
          "column": 8
        },
        "end": {
          "line": 31,
          "column": 9
        }
      },
      "14": {
        "start": {
          "line": 29,
          "column": 10
        },
        "end": {
          "line": 29,
          "column": 48
        }
      },
      "15": {
        "start": {
          "line": 30,
          "column": 10
        },
        "end": {
          "line": 30,
          "column": 59
        }
      },
      "16": {
        "start": {
          "line": 30,
          "column": 22
        },
        "end": {
          "line": 30,
          "column": 59
        }
      },
      "17": {
        "start": {
          "line": 32,
          "column": 8
        },
        "end": {
          "line": 33,
          "column": 38
        }
      },
      "18": {
        "start": {
          "line": 33,
          "column": 10
        },
        "end": {
          "line": 33,
          "column": 38
        }
      },
      "19": {
        "start": {
          "line": 36,
          "column": 6
        },
        "end": {
          "line": 36,
          "column": 23
        }
      },
      "20": {
        "start": {
          "line": 37,
          "column": 6
        },
        "end": {
          "line": 37,
          "column": 16
        }
      },
      "21": {
        "start": {
          "line": 39,
          "column": 4
        },
        "end": {
          "line": 39,
          "column": 14
        }
      },
      "22": {
        "start": {
          "line": 42,
          "column": 16
        },
        "end": {
          "line": 42,
          "column": 49
        }
      },
      "23": {
        "start": {
          "line": 43,
          "column": 4
        },
        "end": {
          "line": 60,
          "column": 5
        }
      },
      "24": {
        "start": {
          "line": 44,
          "column": 23
        },
        "end": {
          "line": 44,
          "column": 43
        }
      },
      "25": {
        "start": {
          "line": 45,
          "column": 25
        },
        "end": {
          "line": 45,
          "column": 45
        }
      },
      "26": {
        "start": {
          "line": 47,
          "column": 6
        },
        "end": {
          "line": 55,
          "column": 10
        }
      },
      "27": {
        "start": {
          "line": 48,
          "column": 8
        },
        "end": {
          "line": 55,
          "column": 10
        }
      },
      "28": {
        "start": {
          "line": 56,
          "column": 6
        },
        "end": {
          "line": 56,
          "column": 18
        }
      },
      "29": {
        "start": {
          "line": 58,
          "column": 6
        },
        "end": {
          "line": 58,
          "column": 23
        }
      },
      "30": {
        "start": {
          "line": 59,
          "column": 6
        },
        "end": {
          "line": 59,
          "column": 18
        }
      },
      "31": {
        "start": {
          "line": 79,
          "column": 4
        },
        "end": {
          "line": 100,
          "column": 5
        }
      },
      "32": {
        "start": {
          "line": 80,
          "column": 18
        },
        "end": {
          "line": 80,
          "column": 44
        }
      },
      "33": {
        "start": {
          "line": 81,
          "column": 27
        },
        "end": {
          "line": 81,
          "column": 52
        }
      },
      "34": {
        "start": {
          "line": 83,
          "column": 6
        },
        "end": {
          "line": 95,
          "column": 10
        }
      },
      "35": {
        "start": {
          "line": 89,
          "column": 8
        },
        "end": {
          "line": 95,
          "column": 10
        }
      },
      "36": {
        "start": {
          "line": 96,
          "column": 6
        },
        "end": {
          "line": 96,
          "column": 18
        }
      },
      "37": {
        "start": {
          "line": 98,
          "column": 6
        },
        "end": {
          "line": 98,
          "column": 23
        }
      },
      "38": {
        "start": {
          "line": 99,
          "column": 6
        },
        "end": {
          "line": 99,
          "column": 18
        }
      },
      "39": {
        "start": {
          "line": 104,
          "column": 24
        },
        "end": {
          "line": 110,
          "column": 1
        }
      },
      "40": {
        "start": {
          "line": 105,
          "column": 26
        },
        "end": {
          "line": 107,
          "column": 3
        }
      },
      "41": {
        "start": {
          "line": 108,
          "column": 15
        },
        "end": {
          "line": 108,
          "column": 59
        }
      },
      "42": {
        "start": {
          "line": 109,
          "column": 2
        },
        "end": {
          "line": 109,
          "column": 98
        }
      },
      "43": {
        "start": {
          "line": 112,
          "column": 23
        },
        "end": {
          "line": 115,
          "column": 1
        }
      },
      "44": {
        "start": {
          "line": 113,
          "column": 19
        },
        "end": {
          "line": 113,
          "column": 39
        }
      },
      "45": {
        "start": {
          "line": 114,
          "column": 2
        },
        "end": {
          "line": 114,
          "column": 24
        }
      }
    },
    "fnMap": {
      "0": {
        "name": "(anonymous_0)",
        "decl": {
          "start": {
            "line": 10,
            "column": 13
          },
          "end": {
            "line": 10,
            "column": 14
          }
        },
        "loc": {
          "start": {
            "line": 10,
            "column": 58
          },
          "end": {
            "line": 40,
            "column": 3
          }
        },
        "line": 10
      },
      "1": {
        "name": "(anonymous_1)",
        "decl": {
          "start": {
            "line": 41,
            "column": 19
          },
          "end": {
            "line": 41,
            "column": 20
          }
        },
        "loc": {
          "start": {
            "line": 41,
            "column": 68
          },
          "end": {
            "line": 61,
            "column": 3
          }
        },
        "line": 41
      },
      "2": {
        "name": "(anonymous_2)",
        "decl": {
          "start": {
            "line": 63,
            "column": 16
          },
          "end": {
            "line": 63,
            "column": 17
          }
        },
        "loc": {
          "start": {
            "line": 63,
            "column": 70
          },
          "end": {
            "line": 101,
            "column": 3
          }
        },
        "line": 63
      },
      "3": {
        "name": "(anonymous_3)",
        "decl": {
          "start": {
            "line": 104,
            "column": 24
          },
          "end": {
            "line": 104,
            "column": 25
          }
        },
        "loc": {
          "start": {
            "line": 104,
            "column": 70
          },
          "end": {
            "line": 110,
            "column": 1
          }
        },
        "line": 104
      },
      "4": {
        "name": "(anonymous_4)",
        "decl": {
          "start": {
            "line": 112,
            "column": 23
          },
          "end": {
            "line": 112,
            "column": 24
          }
        },
        "loc": {
          "start": {
            "line": 112,
            "column": 46
          },
          "end": {
            "line": 115,
            "column": 1
          }
        },
        "line": 112
      }
    },
    "branchMap": {
      "0": {
        "loc": {
          "start": {
            "line": 12,
            "column": 6
          },
          "end": {
            "line": 34,
            "column": 7
          }
        },
        "type": "if",
        "locations": [
          {
            "start": {
              "line": 12,
              "column": 6
            },
            "end": {
              "line": 34,
              "column": 7
            }
          },
          {
            "start": {},
            "end": {}
          }
        ],
        "line": 12
      },
      "1": {
        "loc": {
          "start": {
            "line": 13,
            "column": 8
          },
          "end": {
            "line": 17,
            "column": 48
          }
        },
        "type": "if",
        "locations": [
          {
            "start": {
              "line": 13,
              "column": 8
            },
            "end": {
              "line": 17,
              "column": 48
            }
          },
          {
            "start": {},
            "end": {}
          }
        ],
        "line": 13
      },
      "2": {
        "loc": {
          "start": {
            "line": 14,
            "column": 10
          },
          "end": {
            "line": 15,
            "column": 74
          }
        },
        "type": "binary-expr",
        "locations": [
          {
            "start": {
              "line": 14,
              "column": 11
            },
            "end": {
              "line": 14,
              "column": 45
            }
          },
          {
            "start": {
              "line": 14,
              "column": 50
            },
            "end": {
              "line": 14,
              "column": 57
            }
          },
          {
            "start": {
              "line": 14,
              "column": 61
            },
            "end": {
              "line": 14,
              "column": 75
            }
          },
          {
            "start": {
              "line": 15,
              "column": 11
            },
            "end": {
              "line": 15,
              "column": 46
            }
          },
          {
            "start": {
              "line": 15,
              "column": 50
            },
            "end": {
              "line": 15,
              "column": 56
            }
          },
          {
            "start": {
              "line": 15,
              "column": 60
            },
            "end": {
              "line": 15,
              "column": 73
            }
          }
        ],
        "line": 14
      },
      "3": {
        "loc": {
          "start": {
            "line": 18,
            "column": 8
          },
          "end": {
            "line": 25,
            "column": 9
          }
        },
        "type": "if",
        "locations": [
          {
            "start": {
              "line": 18,
              "column": 8
            },
            "end": {
              "line": 25,
              "column": 9
            }
          },
          {
            "start": {},
            "end": {}
          }
        ],
        "line": 18
      },
      "4": {
        "loc": {
          "start": {
            "line": 19,
            "column": 10
          },
          "end": {
            "line": 23,
            "column": 14
          }
        },
        "type": "if",
        "locations": [
          {
            "start": {
              "line": 19,
              "column": 10
            },
            "end": {
              "line": 23,
              "column": 14
            }
          },
          {
            "start": {},
            "end": {}
          }
        ],
        "line": 19
      },
      "5": {
        "loc": {
          "start": {
            "line": 28,
            "column": 8
          },
          "end": {
            "line": 31,
            "column": 9
          }
        },
        "type": "if",
        "locations": [
          {
            "start": {
              "line": 28,
              "column": 8
            },
            "end": {
              "line": 31,
              "column": 9
            }
          },
          {
            "start": {},
            "end": {}
          }
        ],
        "line": 28
      },
      "6": {
        "loc": {
          "start": {
            "line": 28,
            "column": 12
          },
          "end": {
            "line": 28,
            "column": 49
          }
        },
        "type": "binary-expr",
        "locations": [
          {
            "start": {
              "line": 28,
              "column": 12
            },
            "end": {
              "line": 28,
              "column": 24
            }
          },
          {
            "start": {
              "line": 28,
              "column": 28
            },
            "end": {
              "line": 28,
              "column": 49
            }
          }
        ],
        "line": 28
      },
      "7": {
        "loc": {
          "start": {
            "line": 30,
            "column": 10
          },
          "end": {
            "line": 30,
            "column": 59
          }
        },
        "type": "if",
        "locations": [
          {
            "start": {
              "line": 30,
              "column": 10
            },
            "end": {
              "line": 30,
              "column": 59
            }
          },
          {
            "start": {},
            "end": {}
          }
        ],
        "line": 30
      },
      "8": {
        "loc": {
          "start": {
            "line": 32,
            "column": 8
          },
          "end": {
            "line": 33,
            "column": 38
          }
        },
        "type": "if",
        "locations": [
          {
            "start": {
              "line": 32,
              "column": 8
            },
            "end": {
              "line": 33,
              "column": 38
            }
          },
          {
            "start": {},
            "end": {}
          }
        ],
        "line": 32
      },
      "9": {
        "loc": {
          "start": {
            "line": 32,
            "column": 12
          },
          "end": {
            "line": 32,
            "column": 56
          }
        },
        "type": "binary-expr",
        "locations": [
          {
            "start": {
              "line": 32,
              "column": 12
            },
            "end": {
              "line": 32,
              "column": 24
            }
          },
          {
            "start": {
              "line": 32,
              "column": 28
            },
            "end": {
              "line": 32,
              "column": 56
            }
          }
        ],
        "line": 32
      },
      "10": {
        "loc": {
          "start": {
            "line": 47,
            "column": 6
          },
          "end": {
            "line": 55,
            "column": 10
          }
        },
        "type": "if",
        "locations": [
          {
            "start": {
              "line": 47,
              "column": 6
            },
            "end": {
              "line": 55,
              "column": 10
            }
          },
          {
            "start": {},
            "end": {}
          }
        ],
        "line": 47
      },
      "11": {
        "loc": {
          "start": {
            "line": 47,
            "column": 10
          },
          "end": {
            "line": 47,
            "column": 54
          }
        },
        "type": "binary-expr",
        "locations": [
          {
            "start": {
              "line": 47,
              "column": 10
            },
            "end": {
              "line": 47,
              "column": 22
            }
          },
          {
            "start": {
              "line": 47,
              "column": 26
            },
            "end": {
              "line": 47,
              "column": 54
            }
          }
        ],
        "line": 47
      },
      "12": {
        "loc": {
          "start": {
            "line": 83,
            "column": 6
          },
          "end": {
            "line": 95,
            "column": 10
          }
        },
        "type": "if",
        "locations": [
          {
            "start": {
              "line": 83,
              "column": 6
            },
            "end": {
              "line": 95,
              "column": 10
            }
          },
          {
            "start": {},
            "end": {}
          }
        ],
        "line": 83
      },
      "13": {
        "loc": {
          "start": {
            "line": 84,
            "column": 8
          },
          "end": {
            "line": 87,
            "column": 35
          }
        },
        "type": "binary-expr",
        "locations": [
          {
            "start": {
              "line": 84,
              "column": 8
            },
            "end": {
              "line": 84,
              "column": 20
            }
          },
          {
            "start": {
              "line": 85,
              "column": 8
            },
            "end": {
              "line": 85,
              "column": 36
            }
          },
          {
            "start": {
              "line": 86,
              "column": 8
            },
            "end": {
              "line": 86,
              "column": 28
            }
          },
          {
            "start": {
              "line": 87,
              "column": 8
            },
            "end": {
              "line": 87,
              "column": 35
            }
          }
        ],
        "line": 84
      }
    },
    "s": {
      "0": 11,
      "1": 11,
      "2": 11,
      "3": 29,
      "4": 29,
      "5": 29,
      "6": 4,
      "7": 29,
      "8": 4,
      "9": 0,
      "10": 4,
      "11": 29,
      "12": 26,
      "13": 26,
      "14": 0,
      "15": 0,
      "16": 0,
      "17": 26,
      "18": 24,
      "19": 0,
      "20": 0,
      "21": 2,
      "22": 1,
      "23": 1,
      "24": 1,
      "25": 1,
      "26": 1,
      "27": 1,
      "28": 0,
      "29": 0,
      "30": 0,
      "31": 1,
      "32": 1,
      "33": 1,
      "34": 0,
      "35": 0,
      "36": 0,
      "37": 0,
      "38": 0,
      "39": 11,
      "40": 1,
      "41": 1,
      "42": 1,
      "43": 11,
      "44": 1,
      "45": 0
    },
    "f": {
      "0": 29,
      "1": 1,
      "2": 1,
      "3": 1,
      "4": 1
    },
    "b": {
      "0": [
        29,
        0
      ],
      "1": [
        4,
        25
      ],
      "2": [
        29,
        0,
        0,
        29,
        29,
        4
      ],
      "3": [
        4,
        25
      ],
      "4": [
        0,
        4
      ],
      "5": [
        0,
        26
      ],
      "6": [
        26,
        24
      ],
      "7": [
        0,
        0
      ],
      "8": [
        24,
        2
      ],
      "9": [
        26,
        24
      ],
      "10": [
        1,
        0
      ],
      "11": [
        1,
        1
      ],
      "12": [
        0,
        0
      ],
      "13": [
        0,
        0,
        0,
        0
      ]
    },
    "_coverageSchema": "1a1c01bbd47fc00a2c39e90264f33305004495a9",
    "hash": "543393ae9602cfd8a82b883b8458368bf77dd51f"
  },
  "D:\\Work\\Thndr\\Nasdaq\\src\\overmind\\index.ts": {
    "path": "D:\\Work\\Thndr\\Nasdaq\\src\\overmind\\index.ts",
    "statementMap": {
      "0": {
        "start": {
          "line": 13,
          "column": 22
        },
        "end": {
          "line": 17,
          "column": 1
        }
      },
      "1": {
        "start": {
          "line": 21,
          "column": 27
        },
        "end": {
          "line": 21,
          "column": 53
        }
      },
      "2": {
        "start": {
          "line": 22,
          "column": 26
        },
        "end": {
          "line": 22,
          "column": 54
        }
      },
      "3": {
        "start": {
          "line": 23,
          "column": 26
        },
        "end": {
          "line": 23,
          "column": 54
        }
      },
      "4": {
        "start": {
          "line": 24,
          "column": 27
        },
        "end": {
          "line": 24,
          "column": 56
        }
      }
    },
    "fnMap": {},
    "branchMap": {},
    "s": {
      "0": 11,
      "1": 11,
      "2": 11,
      "3": 11,
      "4": 11
    },
    "f": {},
    "b": {},
    "_coverageSchema": "1a1c01bbd47fc00a2c39e90264f33305004495a9",
    "hash": "f3083d7ba4465ba590b7752a0389c8763f74aee3"
  },
  "D:\\Work\\Thndr\\Nasdaq\\src\\config\\index.js": {
    "path": "D:\\Work\\Thndr\\Nasdaq\\src\\config\\index.js",
    "statementMap": {
      "0": {
        "start": {
          "line": 1,
          "column": 23
        },
        "end": {
          "line": 1,
          "column": 57
        }
      },
      "1": {
        "start": {
          "line": 2,
          "column": 24
        },
        "end": {
          "line": 2,
          "column": 48
        }
      }
    },
    "fnMap": {},
    "branchMap": {},
    "s": {
      "0": 11,
      "1": 11
    },
    "f": {},
    "b": {},
    "_coverageSchema": "1a1c01bbd47fc00a2c39e90264f33305004495a9",
    "hash": "118f84f987bfa80109548ad1ce8f5dd9df9b588b"
  },
  "D:\\Work\\Thndr\\Nasdaq\\src\\screens\\Details\\Header\\Logo.tsx": {
    "path": "D:\\Work\\Thndr\\Nasdaq\\src\\screens\\Details\\Header\\Logo.tsx",
    "statementMap": {
      "0": {
        "start": {
          "line": 7,
          "column": 20
        },
        "end": {
          "line": 10,
          "column": 1
        }
      },
      "1": {
        "start": {
          "line": 17,
          "column": 30
        },
        "end": {
          "line": 34,
          "column": 1
        }
      },
      "2": {
        "start": {
          "line": 18,
          "column": 2
        },
        "end": {
          "line": 33,
          "column": 6
        }
      },
      "3": {
        "start": {
          "line": 19,
          "column": 4
        },
        "end": {
          "line": 27,
          "column": 6
        }
      },
      "4": {
        "start": {
          "line": 29,
          "column": 4
        },
        "end": {
          "line": 33,
          "column": 6
        }
      },
      "5": {
        "start": {
          "line": 36,
          "column": 15
        },
        "end": {
          "line": 47,
          "column": 2
        }
      }
    },
    "fnMap": {
      "0": {
        "name": "(anonymous_0)",
        "decl": {
          "start": {
            "line": 17,
            "column": 30
          },
          "end": {
            "line": 17,
            "column": 31
          }
        },
        "loc": {
          "start": {
            "line": 17,
            "column": 49
          },
          "end": {
            "line": 34,
            "column": 1
          }
        },
        "line": 17
      }
    },
    "branchMap": {
      "0": {
        "loc": {
          "start": {
            "line": 18,
            "column": 2
          },
          "end": {
            "line": 33,
            "column": 6
          }
        },
        "type": "if",
        "locations": [
          {
            "start": {
              "line": 18,
              "column": 2
            },
            "end": {
              "line": 33,
              "column": 6
            }
          },
          {
            "start": {
              "line": 29,
              "column": 4
            },
            "end": {
              "line": 33,
              "column": 6
            }
          }
        ],
        "line": 18
      }
    },
    "s": {
      "0": 11,
      "1": 11,
      "2": 3,
      "3": 1,
      "4": 2,
      "5": 11
    },
    "f": {
      "0": 3
    },
    "b": {
      "0": [
        1,
        2
      ]
    },
    "_coverageSchema": "1a1c01bbd47fc00a2c39e90264f33305004495a9",
    "hash": "54a22ce0e58dcfdafd4917f35cb4d65121b7670d"
  },
  "D:\\Work\\Thndr\\Nasdaq\\src\\screens\\Details\\Header\\index.tsx": {
    "path": "D:\\Work\\Thndr\\Nasdaq\\src\\screens\\Details\\Header\\index.tsx",
    "statementMap": {
      "0": {
        "start": {
          "line": 13,
          "column": 18
        },
        "end": {
          "line": 16,
          "column": 1
        }
      },
      "1": {
        "start": {
          "line": 17,
          "column": 24
        },
        "end": {
          "line": 20,
          "column": 1
        }
      },
      "2": {
        "start": {
          "line": 23,
          "column": 25
        },
        "end": {
          "line": 23,
          "column": 48
        }
      },
      "3": {
        "start": {
          "line": 26,
          "column": 2
        },
        "end": {
          "line": 48,
          "column": 6
        }
      },
      "4": {
        "start": {
          "line": 27,
          "column": 4
        },
        "end": {
          "line": 31,
          "column": 6
        }
      },
      "5": {
        "start": {
          "line": 33,
          "column": 4
        },
        "end": {
          "line": 48,
          "column": 6
        }
      },
      "6": {
        "start": {
          "line": 50,
          "column": 2
        },
        "end": {
          "line": 50,
          "column": 39
        }
      },
      "7": {
        "start": {
          "line": 53,
          "column": 15
        },
        "end": {
          "line": 63,
          "column": 2
        }
      }
    },
    "fnMap": {
      "0": {
        "name": "Header",
        "decl": {
          "start": {
            "line": 22,
            "column": 16
          },
          "end": {
            "line": 22,
            "column": 22
          }
        },
        "loc": {
          "start": {
            "line": 22,
            "column": 41
          },
          "end": {
            "line": 51,
            "column": 1
          }
        },
        "line": 22
      }
    },
    "branchMap": {
      "0": {
        "loc": {
          "start": {
            "line": 26,
            "column": 2
          },
          "end": {
            "line": 48,
            "column": 6
          }
        },
        "type": "if",
        "locations": [
          {
            "start": {
              "line": 26,
              "column": 2
            },
            "end": {
              "line": 48,
              "column": 6
            }
          },
          {
            "start": {
              "line": 33,
              "column": 4
            },
            "end": {
              "line": 48,
              "column": 6
            }
          }
        ],
        "line": 26
      },
      "1": {
        "loc": {
          "start": {
            "line": 42,
            "column": 9
          },
          "end": {
            "line": 46,
            "column": 9
          }
        },
        "type": "binary-expr",
        "locations": [
          {
            "start": {
              "line": 42,
              "column": 9
            },
            "end": {
              "line": 42,
              "column": 25
            }
          },
          {
            "start": {
              "line": 43,
              "column": 10
            },
            "end": {
              "line": 45,
              "column": 22
            }
          }
        ],
        "line": 42
      }
    },
    "s": {
      "0": 11,
      "1": 11,
      "2": 5,
      "3": 5,
      "4": 2,
      "5": 3,
      "6": 5,
      "7": 11
    },
    "f": {
      "0": 5
    },
    "b": {
      "0": [
        2,
        3
      ],
      "1": [
        3,
        0
      ]
    },
    "_coverageSchema": "1a1c01bbd47fc00a2c39e90264f33305004495a9",
    "hash": "d7567f91ce76796fd9cd302ae36369802f7f5d17"
  },
  "D:\\Work\\Thndr\\Nasdaq\\src\\helper\\index.ts": {
    "path": "D:\\Work\\Thndr\\Nasdaq\\src\\helper\\index.ts",
    "statementMap": {
      "0": {
        "start": {
          "line": 1,
          "column": 28
        },
        "end": {
          "line": 10,
          "column": 1
        }
      },
      "1": {
        "start": {
          "line": 2,
          "column": 2
        },
        "end": {
          "line": 8,
          "column": 3
        }
      },
      "2": {
        "start": {
          "line": 3,
          "column": 4
        },
        "end": {
          "line": 6,
          "column": 74
        }
      },
      "3": {
        "start": {
          "line": 3,
          "column": 36
        },
        "end": {
          "line": 3,
          "column": 73
        }
      },
      "4": {
        "start": {
          "line": 4,
          "column": 9
        },
        "end": {
          "line": 6,
          "column": 74
        }
      },
      "5": {
        "start": {
          "line": 5,
          "column": 6
        },
        "end": {
          "line": 5,
          "column": 46
        }
      },
      "6": {
        "start": {
          "line": 6,
          "column": 9
        },
        "end": {
          "line": 6,
          "column": 74
        }
      },
      "7": {
        "start": {
          "line": 6,
          "column": 31
        },
        "end": {
          "line": 6,
          "column": 74
        }
      },
      "8": {
        "start": {
          "line": 7,
          "column": 4
        },
        "end": {
          "line": 7,
          "column": 26
        }
      },
      "9": {
        "start": {
          "line": 9,
          "column": 2
        },
        "end": {
          "line": 9,
          "column": 9
        }
      }
    },
    "fnMap": {
      "0": {
        "name": "(anonymous_0)",
        "decl": {
          "start": {
            "line": 1,
            "column": 28
          },
          "end": {
            "line": 1,
            "column": 29
          }
        },
        "loc": {
          "start": {
            "line": 1,
            "column": 66
          },
          "end": {
            "line": 10,
            "column": 1
          }
        },
        "line": 1
      }
    },
    "branchMap": {
      "0": {
        "loc": {
          "start": {
            "line": 2,
            "column": 2
          },
          "end": {
            "line": 8,
            "column": 3
          }
        },
        "type": "if",
        "locations": [
          {
            "start": {
              "line": 2,
              "column": 2
            },
            "end": {
              "line": 8,
              "column": 3
            }
          },
          {
            "start": {},
            "end": {}
          }
        ],
        "line": 2
      },
      "1": {
        "loc": {
          "start": {
            "line": 3,
            "column": 4
          },
          "end": {
            "line": 6,
            "column": 74
          }
        },
        "type": "if",
        "locations": [
          {
            "start": {
              "line": 3,
              "column": 4
            },
            "end": {
              "line": 6,
              "column": 74
            }
          },
          {
            "start": {
              "line": 4,
              "column": 9
            },
            "end": {
              "line": 6,
              "column": 74
            }
          }
        ],
        "line": 3
      },
      "2": {
        "loc": {
          "start": {
            "line": 3,
            "column": 8
          },
          "end": {
            "line": 3,
            "column": 34
          }
        },
        "type": "binary-expr",
        "locations": [
          {
            "start": {
              "line": 3,
              "column": 8
            },
            "end": {
              "line": 3,
              "column": 17
            }
          },
          {
            "start": {
              "line": 3,
              "column": 21
            },
            "end": {
              "line": 3,
              "column": 34
            }
          }
        ],
        "line": 3
      },
      "3": {
        "loc": {
          "start": {
            "line": 4,
            "column": 9
          },
          "end": {
            "line": 6,
            "column": 74
          }
        },
        "type": "if",
        "locations": [
          {
            "start": {
              "line": 4,
              "column": 9
            },
            "end": {
              "line": 6,
              "column": 74
            }
          },
          {
            "start": {
              "line": 6,
              "column": 9
            },
            "end": {
              "line": 6,
              "column": 74
            }
          }
        ],
        "line": 4
      },
      "4": {
        "loc": {
          "start": {
            "line": 4,
            "column": 13
          },
          "end": {
            "line": 4,
            "column": 46
          }
        },
        "type": "binary-expr",
        "locations": [
          {
            "start": {
              "line": 4,
              "column": 13
            },
            "end": {
              "line": 4,
              "column": 26
            }
          },
          {
            "start": {
              "line": 4,
              "column": 30
            },
            "end": {
              "line": 4,
              "column": 46
            }
          }
        ],
        "line": 4
      },
      "5": {
        "loc": {
          "start": {
            "line": 6,
            "column": 9
          },
          "end": {
            "line": 6,
            "column": 74
          }
        },
        "type": "if",
        "locations": [
          {
            "start": {
              "line": 6,
              "column": 9
            },
            "end": {
              "line": 6,
              "column": 74
            }
          },
          {
            "start": {},
            "end": {}
          }
        ],
        "line": 6
      }
    },
    "s": {
      "0": 11,
      "1": 0,
      "2": 0,
      "3": 0,
      "4": 0,
      "5": 0,
      "6": 0,
      "7": 0,
      "8": 0,
      "9": 0
    },
    "f": {
      "0": 0
    },
    "b": {
      "0": [
        0,
        0
      ],
      "1": [
        0,
        0
      ],
      "2": [
        0,
        0
      ],
      "3": [
        0,
        0
      ],
      "4": [
        0,
        0
      ],
      "5": [
        0,
        0
      ]
    },
    "_coverageSchema": "1a1c01bbd47fc00a2c39e90264f33305004495a9",
    "hash": "2b48c6ff4cd0362d7e23bccc2d7671ea86ea36e3"
  },
  "D:\\Work\\Thndr\\Nasdaq\\src\\screens\\Details\\Statistics\\Section.tsx": {
    "path": "D:\\Work\\Thndr\\Nasdaq\\src\\screens\\Details\\Statistics\\Section.tsx",
    "statementMap": {
      "0": {
        "start": {
          "line": 9,
          "column": 19
        },
        "end": {
          "line": 12,
          "column": 1
        }
      },
      "1": {
        "start": {
          "line": 14,
          "column": 40
        },
        "end": {
          "line": 19,
          "column": 1
        }
      },
      "2": {
        "start": {
          "line": 15,
          "column": 2
        },
        "end": {
          "line": 18,
          "column": 15
        }
      },
      "3": {
        "start": {
          "line": 21,
          "column": 15
        },
        "end": {
          "line": 29,
          "column": 2
        }
      }
    },
    "fnMap": {
      "0": {
        "name": "(anonymous_0)",
        "decl": {
          "start": {
            "line": 14,
            "column": 40
          },
          "end": {
            "line": 14,
            "column": 41
          }
        },
        "loc": {
          "start": {
            "line": 15,
            "column": 2
          },
          "end": {
            "line": 18,
            "column": 15
          }
        },
        "line": 15
      }
    },
    "branchMap": {},
    "s": {
      "0": 11,
      "1": 11,
      "2": 0,
      "3": 11
    },
    "f": {
      "0": 0
    },
    "b": {},
    "_coverageSchema": "1a1c01bbd47fc00a2c39e90264f33305004495a9",
    "hash": "8077c43768321ed7399d23d863b5c42ba5e160a5"
  },
  "D:\\Work\\Thndr\\Nasdaq\\src\\screens\\Details\\Statistics\\index.tsx": {
    "path": "D:\\Work\\Thndr\\Nasdaq\\src\\screens\\Details\\Statistics\\index.tsx",
    "statementMap": {
      "0": {
        "start": {
          "line": 15,
          "column": 18
        },
        "end": {
          "line": 19,
          "column": 1
        }
      },
      "1": {
        "start": {
          "line": 20,
          "column": 24
        },
        "end": {
          "line": 24,
          "column": 1
        }
      },
      "2": {
        "start": {
          "line": 25,
          "column": 24
        },
        "end": {
          "line": 28,
          "column": 1
        }
      },
      "3": {
        "start": {
          "line": 31,
          "column": 22
        },
        "end": {
          "line": 31,
          "column": 49
        }
      },
      "4": {
        "start": {
          "line": 33,
          "column": 28
        },
        "end": {
          "line": 50,
          "column": 3
        }
      },
      "5": {
        "start": {
          "line": 34,
          "column": 4
        },
        "end": {
          "line": 49,
          "column": 8
        }
      },
      "6": {
        "start": {
          "line": 35,
          "column": 6
        },
        "end": {
          "line": 43,
          "column": 8
        }
      },
      "7": {
        "start": {
          "line": 45,
          "column": 6
        },
        "end": {
          "line": 49,
          "column": 8
        }
      },
      "8": {
        "start": {
          "line": 53,
          "column": 2
        },
        "end": {
          "line": 67,
          "column": 3
        }
      },
      "9": {
        "start": {
          "line": 54,
          "column": 4
        },
        "end": {
          "line": 58,
          "column": 6
        }
      },
      "10": {
        "start": {
          "line": 60,
          "column": 4
        },
        "end": {
          "line": 60,
          "column": 33
        }
      },
      "11": {
        "start": {
          "line": 61,
          "column": 4
        },
        "end": {
          "line": 66,
          "column": 6
        }
      },
      "12": {
        "start": {
          "line": 69,
          "column": 2
        },
        "end": {
          "line": 69,
          "column": 39
        }
      },
      "13": {
        "start": {
          "line": 72,
          "column": 15
        },
        "end": {
          "line": 82,
          "column": 2
        }
      }
    },
    "fnMap": {
      "0": {
        "name": "Statistics",
        "decl": {
          "start": {
            "line": 30,
            "column": 16
          },
          "end": {
            "line": 30,
            "column": 26
          }
        },
        "loc": {
          "start": {
            "line": 30,
            "column": 50
          },
          "end": {
            "line": 70,
            "column": 1
          }
        },
        "line": 30
      },
      "1": {
        "name": "(anonymous_1)",
        "decl": {
          "start": {
            "line": 33,
            "column": 28
          },
          "end": {
            "line": 33,
            "column": 29
          }
        },
        "loc": {
          "start": {
            "line": 33,
            "column": 34
          },
          "end": {
            "line": 50,
            "column": 3
          }
        },
        "line": 33
      }
    },
    "branchMap": {
      "0": {
        "loc": {
          "start": {
            "line": 34,
            "column": 4
          },
          "end": {
            "line": 49,
            "column": 8
          }
        },
        "type": "if",
        "locations": [
          {
            "start": {
              "line": 34,
              "column": 4
            },
            "end": {
              "line": 49,
              "column": 8
            }
          },
          {
            "start": {
              "line": 45,
              "column": 6
            },
            "end": {
              "line": 49,
              "column": 8
            }
          }
        ],
        "line": 34
      },
      "1": {
        "loc": {
          "start": {
            "line": 53,
            "column": 2
          },
          "end": {
            "line": 67,
            "column": 3
          }
        },
        "type": "if",
        "locations": [
          {
            "start": {
              "line": 53,
              "column": 2
            },
            "end": {
              "line": 67,
              "column": 3
            }
          },
          {
            "start": {
              "line": 59,
              "column": 9
            },
            "end": {
              "line": 67,
              "column": 3
            }
          }
        ],
        "line": 53
      }
    },
    "s": {
      "0": 11,
      "1": 11,
      "2": 11,
      "3": 4,
      "4": 4,
      "5": 1,
      "6": 0,
      "7": 1,
      "8": 4,
      "9": 3,
      "10": 1,
      "11": 1,
      "12": 4,
      "13": 11
    },
    "f": {
      "0": 4,
      "1": 1
    },
    "b": {
      "0": [
        0,
        1
      ],
      "1": [
        3,
        1
      ]
    },
    "_coverageSchema": "1a1c01bbd47fc00a2c39e90264f33305004495a9",
    "hash": "b8ac6c6f7cbf96586d14d7cc367504feae26d1a7"
  },
  "D:\\Work\\Thndr\\Nasdaq\\src\\screens\\Details\\About\\Section.tsx": {
    "path": "D:\\Work\\Thndr\\Nasdaq\\src\\screens\\Details\\About\\Section.tsx",
    "statementMap": {
      "0": {
        "start": {
          "line": 9,
          "column": 18
        },
        "end": {
          "line": 11,
          "column": 1
        }
      },
      "1": {
        "start": {
          "line": 13,
          "column": 40
        },
        "end": {
          "line": 22,
          "column": 1
        }
      },
      "2": {
        "start": {
          "line": 14,
          "column": 2
        },
        "end": {
          "line": 21,
          "column": 14
        }
      },
      "3": {
        "start": {
          "line": 24,
          "column": 15
        },
        "end": {
          "line": 32,
          "column": 2
        }
      }
    },
    "fnMap": {
      "0": {
        "name": "(anonymous_0)",
        "decl": {
          "start": {
            "line": 13,
            "column": 40
          },
          "end": {
            "line": 13,
            "column": 41
          }
        },
        "loc": {
          "start": {
            "line": 14,
            "column": 2
          },
          "end": {
            "line": 21,
            "column": 14
          }
        },
        "line": 14
      }
    },
    "branchMap": {},
    "s": {
      "0": 11,
      "1": 11,
      "2": 2,
      "3": 11
    },
    "f": {
      "0": 2
    },
    "b": {},
    "_coverageSchema": "1a1c01bbd47fc00a2c39e90264f33305004495a9",
    "hash": "351c0b349a533677f554a929a601eb2ccaa8d195"
  },
  "D:\\Work\\Thndr\\Nasdaq\\src\\screens\\Details\\About\\index.tsx": {
    "path": "D:\\Work\\Thndr\\Nasdaq\\src\\screens\\Details\\About\\index.tsx",
    "statementMap": {
      "0": {
        "start": {
          "line": 14,
          "column": 18
        },
        "end": {
          "line": 18,
          "column": 1
        }
      },
      "1": {
        "start": {
          "line": 19,
          "column": 23
        },
        "end": {
          "line": 22,
          "column": 1
        }
      },
      "2": {
        "start": {
          "line": 25,
          "column": 25
        },
        "end": {
          "line": 25,
          "column": 48
        }
      },
      "3": {
        "start": {
          "line": 28,
          "column": 4
        },
        "end": {
          "line": 28,
          "column": 69
        }
      },
      "4": {
        "start": {
          "line": 30,
          "column": 29
        },
        "end": {
          "line": 39,
          "column": 3
        }
      },
      "5": {
        "start": {
          "line": 31,
          "column": 14
        },
        "end": {
          "line": 31,
          "column": 44
        }
      },
      "6": {
        "start": {
          "line": 32,
          "column": 4
        },
        "end": {
          "line": 38,
          "column": 7
        }
      },
      "7": {
        "start": {
          "line": 33,
          "column": 6
        },
        "end": {
          "line": 37,
          "column": 7
        }
      },
      "8": {
        "start": {
          "line": 34,
          "column": 8
        },
        "end": {
          "line": 34,
          "column": 29
        }
      },
      "9": {
        "start": {
          "line": 36,
          "column": 8
        },
        "end": {
          "line": 36,
          "column": 58
        }
      },
      "10": {
        "start": {
          "line": 41,
          "column": 2
        },
        "end": {
          "line": 63,
          "column": 11
        }
      },
      "11": {
        "start": {
          "line": 66,
          "column": 15
        },
        "end": {
          "line": 78,
          "column": 2
        }
      }
    },
    "fnMap": {
      "0": {
        "name": "About",
        "decl": {
          "start": {
            "line": 24,
            "column": 24
          },
          "end": {
            "line": 24,
            "column": 29
          }
        },
        "loc": {
          "start": {
            "line": 24,
            "column": 48
          },
          "end": {
            "line": 64,
            "column": 1
          }
        },
        "line": 24
      },
      "1": {
        "name": "(anonymous_1)",
        "decl": {
          "start": {
            "line": 30,
            "column": 29
          },
          "end": {
            "line": 30,
            "column": 30
          }
        },
        "loc": {
          "start": {
            "line": 30,
            "column": 35
          },
          "end": {
            "line": 39,
            "column": 3
          }
        },
        "line": 30
      },
      "2": {
        "name": "(anonymous_2)",
        "decl": {
          "start": {
            "line": 32,
            "column": 33
          },
          "end": {
            "line": 32,
            "column": 34
          }
        },
        "loc": {
          "start": {
            "line": 32,
            "column": 48
          },
          "end": {
            "line": 38,
            "column": 5
          }
        },
        "line": 32
      }
    },
    "branchMap": {
      "0": {
        "loc": {
          "start": {
            "line": 28,
            "column": 4
          },
          "end": {
            "line": 28,
            "column": 69
          }
        },
        "type": "binary-expr",
        "locations": [
          {
            "start": {
              "line": 28,
              "column": 4
            },
            "end": {
              "line": 28,
              "column": 28
            }
          },
          {
            "start": {
              "line": 28,
              "column": 32
            },
            "end": {
              "line": 28,
              "column": 47
            }
          },
          {
            "start": {
              "line": 28,
              "column": 51
            },
            "end": {
              "line": 28,
              "column": 69
            }
          }
        ],
        "line": 28
      },
      "1": {
        "loc": {
          "start": {
            "line": 31,
            "column": 14
          },
          "end": {
            "line": 31,
            "column": 44
          }
        },
        "type": "binary-expr",
        "locations": [
          {
            "start": {
              "line": 31,
              "column": 14
            },
            "end": {
              "line": 31,
              "column": 38
            }
          },
          {
            "start": {
              "line": 31,
              "column": 42
            },
            "end": {
              "line": 31,
              "column": 44
            }
          }
        ],
        "line": 31
      },
      "2": {
        "loc": {
          "start": {
            "line": 33,
            "column": 6
          },
          "end": {
            "line": 37,
            "column": 7
          }
        },
        "type": "if",
        "locations": [
          {
            "start": {
              "line": 33,
              "column": 6
            },
            "end": {
              "line": 37,
              "column": 7
            }
          },
          {
            "start": {
              "line": 35,
              "column": 13
            },
            "end": {
              "line": 37,
              "column": 7
            }
          }
        ],
        "line": 33
      },
      "3": {
        "loc": {
          "start": {
            "line": 41,
            "column": 9
          },
          "end": {
            "line": 63,
            "column": 10
          }
        },
        "type": "cond-expr",
        "locations": [
          {
            "start": {
              "line": 42,
              "column": 4
            },
            "end": {
              "line": 62,
              "column": 16
            }
          },
          {
            "start": {
              "line": 63,
              "column": 6
            },
            "end": {
              "line": 63,
              "column": 10
            }
          }
        ],
        "line": 41
      },
      "4": {
        "loc": {
          "start": {
            "line": 41,
            "column": 9
          },
          "end": {
            "line": 41,
            "column": 37
          }
        },
        "type": "binary-expr",
        "locations": [
          {
            "start": {
              "line": 41,
              "column": 9
            },
            "end": {
              "line": 41,
              "column": 18
            }
          },
          {
            "start": {
              "line": 41,
              "column": 22
            },
            "end": {
              "line": 41,
              "column": 37
            }
          }
        ],
        "line": 41
      },
      "5": {
        "loc": {
          "start": {
            "line": 46,
            "column": 11
          },
          "end": {
            "line": 53,
            "column": 11
          }
        },
        "type": "binary-expr",
        "locations": [
          {
            "start": {
              "line": 46,
              "column": 11
            },
            "end": {
              "line": 46,
              "column": 35
            }
          },
          {
            "start": {
              "line": 47,
              "column": 12
            },
            "end": {
              "line": 52,
              "column": 14
            }
          }
        ],
        "line": 46
      },
      "6": {
        "loc": {
          "start": {
            "line": 55,
            "column": 9
          },
          "end": {
            "line": 57,
            "column": 9
          }
        },
        "type": "binary-expr",
        "locations": [
          {
            "start": {
              "line": 55,
              "column": 9
            },
            "end": {
              "line": 55,
              "column": 24
            }
          },
          {
            "start": {
              "line": 56,
              "column": 10
            },
            "end": {
              "line": 56,
              "column": 63
            }
          }
        ],
        "line": 55
      },
      "7": {
        "loc": {
          "start": {
            "line": 58,
            "column": 9
          },
          "end": {
            "line": 60,
            "column": 9
          }
        },
[...]
          "column": 18
        },
        "end": {
          "line": 23,
          "column": 41
        }
      },
      "3": {
        "start": {
          "line": 24,
          "column": 20
        },
        "end": {
          "line": 24,
          "column": 40
        }
      },
      "4": {
        "start": {
          "line": 25,
          "column": 19
        },
        "end": {
          "line": 25,
          "column": 42
        }
      },
      "5": {
        "start": {
          "line": 27,
          "column": 38
        },
        "end": {
          "line": 27,
          "column": 53
        }
      },
      "6": {
        "start": {
          "line": 28,
          "column": 30
        },
        "end": {
          "line": 28,
          "column": 42
        }
      },
      "7": {
        "start": {
          "line": 29,
          "column": 20
        },
        "end": {
          "line": 29,
          "column": 33
        }
      },
      "8": {
        "start": {
          "line": 31,
          "column": 2
        },
        "end": {
          "line": 45,
          "column": 15
        }
      },
      "9": {
        "start": {
          "line": 34,
          "column": 4
        },
        "end": {
          "line": 34,
          "column": 25
        }
      },
      "10": {
        "start": {
          "line": 36,
          "column": 4
        },
        "end": {
          "line": 41,
          "column": 22
        }
      },
      "11": {
        "start": {
          "line": 37,
          "column": 6
        },
        "end": {
          "line": 40,
          "column": 15
        }
      },
      "12": {
        "start": {
          "line": 38,
          "column": 8
        },
        "end": {
          "line": 39,
          "column": 39
        }
      },
      "13": {
        "start": {
          "line": 39,
          "column": 10
        },
        "end": {
          "line": 39,
          "column": 39
        }
      },
      "14": {
        "start": {
          "line": 41,
          "column": 11
        },
        "end": {
          "line": 41,
          "column": 22
        }
      },
      "15": {
        "start": {
          "line": 42,
          "column": 4
        },
        "end": {
          "line": 44,
          "column": 6
        }
      },
      "16": {
        "start": {
          "line": 43,
          "column": 6
        },
        "end": {
          "line": 43,
          "column": 41
        }
      },
      "17": {
        "start": {
          "line": 43,
          "column": 19
        },
        "end": {
          "line": 43,
          "column": 41
        }
      },
      "18": {
        "start": {
          "line": 47,
          "column": 29
        },
        "end": {
          "line": 52,
          "column": 25
        }
      },
      "19": {
        "start": {
          "line": 48,
          "column": 4
        },
        "end": {
          "line": 51,
          "column": 5
        }
      },
      "20": {
        "start": {
          "line": 49,
          "column": 6
        },
        "end": {
          "line": 49,
          "column": 53
        }
      },
      "21": {
        "start": {
          "line": 50,
          "column": 6
        },
        "end": {
          "line": 50,
          "column": 26
        }
      },
      "22": {
        "start": {
          "line": 55,
          "column": 2
        },
        "end": {
          "line": 85,
          "column": 3
        }
      },
      "23": {
        "start": {
          "line": 55,
          "column": 30
        },
        "end": {
          "line": 55,
          "column": 48
        }
      },
      "24": {
        "start": {
          "line": 57,
          "column": 4
        },
        "end": {
          "line": 64,
          "column": 6
        }
      },
      "25": {
        "start": {
          "line": 65,
          "column": 4
        },
        "end": {
          "line": 84,
          "column": 8
        }
      },
      "26": {
        "start": {
          "line": 66,
          "column": 6
        },
        "end": {
          "line": 73,
          "column": 8
        }
      },
      "27": {
        "start": {
          "line": 75,
          "column": 6
        },
        "end": {
          "line": 84,
          "column": 8
        }
      },
      "28": {
        "start": {
          "line": 87,
          "column": 2
        },
        "end": {
          "line": 87,
          "column": 39
        }
      }
    },
    "fnMap": {
      "0": {
        "name": "(anonymous_0)",
        "decl": {
          "start": {
            "line": 22,
            "column": 4
          },
          "end": {
            "line": 22,
            "column": 5
          }
        },
        "loc": {
          "start": {
            "line": 22,
            "column": 10
          },
          "end": {
            "line": 88,
            "column": 1
          }
        },
        "line": 22
      },
      "1": {
        "name": "(anonymous_1)",
        "decl": {
          "start": {
            "line": 31,
            "column": 12
          },
          "end": {
            "line": 31,
            "column": 13
          }
        },
        "loc": {
          "start": {
            "line": 31,
            "column": 18
          },
          "end": {
            "line": 45,
            "column": 3
          }
        },
        "line": 31
      },
      "2": {
        "name": "(anonymous_2)",
        "decl": {
          "start": {
            "line": 37,
            "column": 27
          },
          "end": {
            "line": 37,
            "column": 28
          }
        },
        "loc": {
          "start": {
            "line": 37,
            "column": 33
          },
          "end": {
            "line": 40,
            "column": 7
          }
        },
        "line": 37
      },
      "3": {
        "name": "(anonymous_3)",
        "decl": {
          "start": {
            "line": 42,
            "column": 11
          },
          "end": {
            "line": 42,
            "column": 12
          }
        },
        "loc": {
          "start": {
            "line": 42,
            "column": 17
          },
          "end": {
            "line": 44,
            "column": 5
          }
        },
        "line": 42
      },
      "4": {
        "name": "(anonymous_4)",
        "decl": {
          "start": {
            "line": 47,
            "column": 41
          },
          "end": {
            "line": 47,
            "column": 42
          }
        },
        "loc": {
          "start": {
            "line": 47,
            "column": 47
          },
          "end": {
            "line": 52,
            "column": 3
          }
        },
        "line": 47
      }
    },
    "branchMap": {
      "0": {
        "loc": {
          "start": {
            "line": 36,
            "column": 4
          },
          "end": {
            "line": 41,
            "column": 22
          }
        },
        "type": "if",
        "locations": [
          {
            "start": {
              "line": 36,
              "column": 4
            },
            "end": {
              "line": 41,
              "column": 22
            }
          },
          {
            "start": {
              "line": 41,
              "column": 11
            },
            "end": {
              "line": 41,
              "column": 22
            }
          }
        ],
        "line": 36
      },
      "1": {
        "loc": {
          "start": {
            "line": 38,
            "column": 8
          },
          "end": {
            "line": 39,
            "column": 39
          }
        },
        "type": "if",
        "locations": [
          {
            "start": {
              "line": 38,
              "column": 8
            },
            "end": {
              "line": 39,
              "column": 39
            }
          },
          {
            "start": {},
            "end": {}
          }
        ],
        "line": 38
      },
      "2": {
        "loc": {
          "start": {
            "line": 43,
            "column": 6
          },
          "end": {
            "line": 43,
            "column": 41
          }
        },
        "type": "if",
        "locations": [
          {
            "start": {
              "line": 43,
              "column": 6
            },
            "end": {
              "line": 43,
              "column": 41
            }
          },
          {
            "start": {},
            "end": {}
          }
        ],
        "line": 43
      },
      "3": {
        "loc": {
          "start": {
            "line": 48,
            "column": 4
          },
          "end": {
            "line": 51,
            "column": 5
          }
        },
        "type": "if",
        "locations": [
          {
            "start": {
              "line": 48,
              "column": 4
            },
            "end": {
              "line": 51,
              "column": 5
            }
          },
          {
            "start": {},
            "end": {}
          }
        ],
        "line": 48
      },
      "4": {
        "loc": {
          "start": {
            "line": 48,
            "column": 8
          },
          "end": {
            "line": 48,
            "column": 61
          }
        },
        "type": "binary-expr",
        "locations": [
          {
            "start": {
              "line": 48,
              "column": 8
            },
            "end": {
              "line": 48,
              "column": 30
            }
          },
          {
            "start": {
              "line": 48,
              "column": 34
            },
            "end": {
              "line": 48,
              "column": 61
            }
          }
        ],
        "line": 48
      },
      "5": {
        "loc": {
          "start": {
            "line": 55,
            "column": 2
          },
          "end": {
            "line": 85,
            "column": 3
          }
        },
        "type": "if",
        "locations": [
          {
            "start": {
              "line": 55,
              "column": 2
            },
            "end": {
              "line": 85,
              "column": 3
            }
          },
          {
            "start": {
              "line": 56,
              "column": 7
            },
            "end": {
              "line": 85,
              "column": 3
            }
          }
        ],
        "line": 55
      },
      "6": {
        "loc": {
          "start": {
            "line": 55,
            "column": 6
          },
          "end": {
            "line": 55,
            "column": 28
          }
        },
        "type": "binary-expr",
        "locations": [
          {
            "start": {
              "line": 55,
              "column": 6
            },
            "end": {
              "line": 55,
              "column": 13
            }
          },
          {
            "start": {
              "line": 55,
              "column": 17
            },
            "end": {
              "line": 55,
              "column": 28
            }
          }
        ],
        "line": 55
      },
      "7": {
        "loc": {
          "start": {
            "line": 65,
            "column": 4
          },
          "end": {
            "line": 84,
            "column": 8
          }
        },
        "type": "if",
        "locations": [
          {
            "start": {
              "line": 65,
              "column": 4
            },
            "end": {
              "line": 84,
              "column": 8
            }
          },
          {
            "start": {
              "line": 75,
              "column": 6
            },
            "end": {
              "line": 84,
              "column": 8
            }
          }
        ],
        "line": 65
      },
      "8": {
        "loc": {
          "start": {
            "line": 65,
            "column": 8
          },
          "end": {
            "line": 65,
            "column": 59
          }
        },
        "type": "binary-expr",
        "locations": [
          {
            "start": {
              "line": 65,
              "column": 8
            },
            "end": {
              "line": 65,
              "column": 38
            }
          },
          {
            "start": {
              "line": 65,
              "column": 42
            },
            "end": {
              "line": 65,
              "column": 59
            }
          }
        ],
        "line": 65
      }
    },
    "s": {
      "0": 11,
      "1": 11,
      "2": 166,
      "3": 166,
      "4": 166,
      "5": 166,
      "6": 166,
      "7": 166,
      "8": 166,
      "9": 31,
      "10": 31,
      "11": 20,
      "12": 4,
      "13": 4,
      "14": 11,
      "15": 31,
      "16": 20,
      "17": 16,
      "18": 166,
      "19": 16,
      "20": 14,
      "21": 14,
      "22": 166,
      "23": 48,
      "24": 118,
      "25": 118,
      "26": 2,
      "27": 116,
      "28": 166
    },
    "f": {
      "0": 166,
      "1": 31,
      "2": 4,
      "3": 20,
      "4": 16
    },
    "b": {
      "0": [
        20,
        11
      ],
      "1": [
        4,
        0
      ],
      "2": [
        16,
        4
      ],
      "3": [
        14,
        2
      ],
      "4": [
        16,
        14
      ],
      "5": [
        48,
        118
      ],
      "6": [
        166,
        63
      ],
      "7": [
        2,
        116
      ],
      "8": [
        118,
        40
      ]
    },
    "_coverageSchema": "1a1c01bbd47fc00a2c39e90264f33305004495a9",
    "hash": "ddc29beb721d889ffdb8b547c4ee6cc50005ed92"
  },
  "D:\\Work\\Thndr\\Nasdaq\\src\\navigation\\LinkingConfiguration.ts": {
    "path": "D:\\Work\\Thndr\\Nasdaq\\src\\navigation\\LinkingConfiguration.ts",
    "statementMap": {
      "0": {
        "start": {
          "line": 12,
          "column": 52
        },
        "end": {
          "line": 20,
          "column": 1
        }
      }
    },
    "fnMap": {},
    "branchMap": {},
    "s": {
      "0": 11
    },
    "f": {},
    "b": {},
    "_coverageSchema": "1a1c01bbd47fc00a2c39e90264f33305004495a9",
    "hash": "b9420cab079439cc910ec6a877bc82f0e5cab50d"
  },
  "D:\\Work\\Thndr\\Nasdaq\\src\\navigation\\index.tsx": {
    "path": "D:\\Work\\Thndr\\Nasdaq\\src\\navigation\\index.tsx",
    "statementMap": {
      "0": {
        "start": {
          "line": 26,
          "column": 2
        },
        "end": {
          "line": 33,
          "column": 4
        }
      },
      "1": {
        "start": {
          "line": 40,
          "column": 14
        },
        "end": {
          "line": 40,
          "column": 62
        }
      },
      "2": {
        "start": {
          "line": 43,
          "column": 2
        },
        "end": {
          "line": 67,
          "column": 4
        }
      }
    },
    "fnMap": {
      "0": {
        "name": "Navigation",
        "decl": {
          "start": {
            "line": 21,
            "column": 24
          },
          "end": {
            "line": 21,
            "column": 34
          }
        },
        "loc": {
          "start": {
            "line": 25,
            "column": 3
          },
          "end": {
            "line": 34,
            "column": 1
          }
        },
        "line": 25
      },
      "1": {
        "name": "RootNavigator",
        "decl": {
          "start": {
            "line": 42,
            "column": 9
          },
          "end": {
            "line": 42,
            "column": 22
          }
        },
        "loc": {
          "start": {
            "line": 42,
            "column": 25
          },
          "end": {
            "line": 68,
            "column": 1
          }
        },
        "line": 42
      }
    },
    "branchMap": {
      "0": {
        "loc": {
          "start": {
            "line": 29,
            "column": 13
          },
          "end": {
            "line": 29,
            "column": 62
          }
        },
        "type": "cond-expr",
        "locations": [
          {
            "start": {
              "line": 29,
              "column": 38
            },
            "end": {
              "line": 29,
              "column": 47
            }
          },
          {
            "start": {
              "line": 29,
              "column": 50
            },
            "end": {
              "line": 29,
              "column": 62
            }
          }
        ],
        "line": 29
      }
    },
    "s": {
      "0": 11,
      "1": 11,
      "2": 11
    },
    "f": {
      "0": 11,
      "1": 11
    },
    "b": {
      "0": [
        0,
        11
      ]
    },
    "_coverageSchema": "1a1c01bbd47fc00a2c39e90264f33305004495a9",
    "hash": "4be8f511548121c8c66714a9a275aed5f6e9497f"
  },
  "D:\\Work\\Thndr\\Nasdaq\\App.tsx": {
    "path": "D:\\Work\\Thndr\\Nasdaq\\App.tsx",
    "statementMap": {
      "0": {
        "start": {
          "line": 15,
          "column": 0
        },
        "end": {
          "line": 15,
          "column": 34
        }
      },
      "1": {
        "start": {
          "line": 16,
          "column": 0
        },
        "end": {
          "line": 16,
          "column": 44
        }
      },
      "2": {
        "start": {
          "line": 18,
          "column": 17
        },
        "end": {
          "line": 18,
          "column": 39
        }
      },
      "3": {
        "start": {
          "line": 21,
          "column": 28
        },
        "end": {
          "line": 21,
          "column": 48
        }
      },
      "4": {
        "start": {
          "line": 22,
          "column": 22
        },
        "end": {
          "line": 22,
          "column": 38
        }
      },
      "5": {
        "start": {
          "line": 24,
          "column": 2
        },
        "end": {
          "line": 35,
          "column": 3
        }
      },
      "6": {
        "start": {
          "line": 25,
          "column": 4
        },
        "end": {
          "line": 25,
          "column": 16
        }
      },
      "7": {
        "start": {
          "line": 27,
          "column": 4
        },
        "end": {
          "line": 34,
          "column": 6
        }
      }
    },
    "fnMap": {
      "0": {
        "name": "App",
        "decl": {
          "start": {
            "line": 20,
            "column": 9
          },
          "end": {
            "line": 20,
            "column": 12
          }
        },
        "loc": {
          "start": {
            "line": 20,
            "column": 15
          },
          "end": {
            "line": 36,
            "column": 1
          }
        },
        "line": 20
      }
    },
    "branchMap": {
      "0": {
        "loc": {
          "start": {
            "line": 24,
            "column": 2
          },
          "end": {
            "line": 35,
            "column": 3
          }
        },
        "type": "if",
        "locations": [
          {
            "start": {
              "line": 24,
              "column": 2
            },
            "end": {
              "line": 35,
              "column": 3
            }
          },
          {
            "start": {
              "line": 26,
              "column": 9
            },
            "end": {
              "line": 35,
              "column": 3
            }
          }
        ],
        "line": 24
      }
    },
    "s": {
      "0": 11,
      "1": 11,
      "2": 11,
      "3": 22,
      "4": 22,
      "5": 22,
      "6": 11,
      "7": 11
    },
    "f": {
      "0": 22
    },
    "b": {
      "0": [
        11,
        11
      ]
    },
    "_coverageSchema": "1a1c01bbd47fc00a2c39e90264f33305004495a9",
    "hash": "0fc4170082d04985d97f3ff1583041e6ad08669a"
  }
}