<?xml version="1.0" encoding="UTF-8"?>
<coverage generated="1659769774505" clover="3.2.0">
  <project timestamp="1659769774505" name="All files">
    <metrics statements="269" coveredstatements="226" conditionals="111" coveredconditionals="70" methods="59" coveredmethods="49" elements="439" coveredelements="345" complexity="0" loc="269" ncloc="269" packages="13" files="31" classes="31"/>
    <package name="Nasdaq">
      <metrics statements="8" coveredstatements="8" conditionals="2" coveredconditionals="2" methods="1" coveredmethods="1"/>
      <file name="App.tsx" path="D:\Work\Thndr\Nasdaq\App.tsx">
        <metrics statements="8" coveredstatements="8" conditionals="2" coveredconditionals="2" methods="1" coveredmethods="1"/>
        <line num="15" count="3" type="stmt"/>
        <line num="16" count="3" type="stmt"/>
        <line num="18" count="3" type="stmt"/>
        <line num="21" count="6" type="stmt"/>
        <line num="22" count="6" type="stmt"/>
        <line num="24" count="6" type="cond" truecount="2" falsecount="0"/>
        <line num="25" count="3" type="stmt"/>
        <line num="27" count="3" type="stmt"/>
      </file>
    </package>
    <package name="Nasdaq.src.components">
      <metrics statements="22" coveredstatements="16" conditionals="4" coveredconditionals="1" methods="6" coveredmethods="4"/>
      <file name="ErrorModal.tsx" path="D:\Work\Thndr\Nasdaq\src\components\ErrorModal.tsx">
        <metrics statements="9" coveredstatements="7" conditionals="2" coveredconditionals="0" methods="1" coveredmethods="0"/>
        <line num="13" count="3" type="stmt"/>
        <line num="18" count="3" type="stmt"/>
        <line num="25" count="3" type="stmt"/>
        <line num="40" count="3" type="stmt"/>
        <line num="50" count="3" type="stmt"/>
        <line num="57" count="3" type="stmt"/>
        <line num="64" count="0" type="stmt"/>
        <line num="65" count="0" type="stmt"/>
        <line num="100" count="3" type="stmt"/>
      </file>
      <file name="Loader.tsx" path="D:\Work\Thndr\Nasdaq\src\components\Loader.tsx">
        <metrics statements="1" coveredstatements="1" conditionals="0" coveredconditionals="0" methods="1" coveredmethods="1"/>
        <line num="5" count="26" type="stmt"/>
      </file>
      <file name="ThemeText.tsx" path="D:\Work\Thndr\Nasdaq\src\components\ThemeText.tsx">
        <metrics statements="1" coveredstatements="1" conditionals="0" coveredconditionals="0" methods="1" coveredmethods="1"/>
        <line num="5" count="355" type="stmt"/>
      </file>
      <file name="Themed.tsx" path="D:\Work\Thndr\Nasdaq\src\components\Themed.tsx">
        <metrics statements="11" coveredstatements="7" conditionals="2" coveredconditionals="1" methods="3" coveredmethods="2"/>
        <line num="15" count="355" type="stmt"/>
        <line num="16" count="355" type="stmt"/>
        <line num="18" count="355" type="cond" truecount="1" falsecount="1"/>
        <line num="19" count="0" type="stmt"/>
        <line num="21" count="355" type="stmt"/>
        <line num="34" count="355" type="stmt"/>
        <line num="35" count="355" type="stmt"/>
        <line num="37" count="355" type="stmt"/>
        <line num="41" count="0" type="stmt"/>
        <line num="42" count="0" type="stmt"/>
        <line num="44" count="0" type="stmt"/>
      </file>
    </package>
    <package name="Nasdaq.src.config">
      <metrics statements="2" coveredstatements="2" conditionals="0" coveredconditionals="0" methods="0" coveredmethods="0"/>
      <file name="index.js" path="D:\Work\Thndr\Nasdaq\src\config\index.js">
        <metrics statements="2" coveredstatements="2" conditionals="0" coveredconditionals="0" methods="0" coveredmethods="0"/>
        <line num="1" count="3" type="stmt"/>
        <line num="2" count="3" type="stmt"/>
      </file>
    </package>
    <package name="Nasdaq.src.constants">
      <metrics statements="2" coveredstatements="2" conditionals="0" coveredconditionals="0" methods="0" coveredmethods="0"/>
      <file name="Colors.ts" path="D:\Work\Thndr\Nasdaq\src\constants\Colors.ts">
        <metrics statements="2" coveredstatements="2" conditionals="0" coveredconditionals="0" methods="0" coveredmethods="0"/>
        <line num="1" count="3" type="stmt"/>
        <line num="2" count="3" type="stmt"/>
      </file>
      <file name="index.ts" path="D:\Work\Thndr\Nasdaq\src\constants\index.ts">
        <metrics statements="0" coveredstatements="0" conditionals="0" coveredconditionals="0" methods="0" coveredmethods="0"/>
      </file>
      <file name="theme.ts" path="D:\Work\Thndr\Nasdaq\src\constants\theme.ts">
        <metrics statements="0" coveredstatements="0" conditionals="0" coveredconditionals="0" methods="0" coveredmethods="0"/>
      </file>
    </package>
    <package name="Nasdaq.src.hoc.withErrorHandler">
      <metrics statements="5" coveredstatements="4" conditionals="4" coveredconditionals="1" methods="3" coveredmethods="2"/>
      <file name="withErrorHandler.tsx" path="D:\Work\Thndr\Nasdaq\src\hoc\withErrorHandler\withErrorHandler.tsx">
        <metrics statements="5" coveredstatements="4" conditionals="4" coveredconditionals="1" methods="3" coveredmethods="2"/>
        <line num="11" count="6" type="stmt"/>
        <line num="12" count="15" type="stmt"/>
        <line num="14" count="15" type="stmt"/>
        <line num="15" count="0" type="cond" truecount="0" falsecount="2"/>
        <line num="18" count="15" type="stmt"/>
      </file>
    </package>
    <package name="Nasdaq.src.hooks">
      <metrics statements="30" coveredstatements="24" conditionals="2" coveredconditionals="1" methods="11" coveredmethods="9"/>
      <file name="http-error-handler.js" path="D:\Work\Thndr\Nasdaq\src\hooks\http-error-handler.js">
        <metrics statements="19" coveredstatements="14" conditionals="2" coveredconditionals="1" methods="7" coveredmethods="5"/>
        <line num="6" count="15" type="stmt"/>
        <line num="7" count="15" type="stmt"/>
        <line num="8" count="15" type="stmt"/>
        <line num="10" count="15" type="stmt"/>
        <line num="11" count="15" type="cond" truecount="1" falsecount="1"/>
        <line num="12" count="0" type="stmt"/>
        <line num="13" count="0" type="stmt"/>
        <line num="14" count="0" type="stmt"/>
        <line num="16" count="15" type="stmt"/>
        <line num="18" count="15" type="stmt"/>
        <line num="19" count="15" type="stmt"/>
        <line num="21" count="0" type="stmt"/>
        <line num="25" count="15" type="stmt"/>
        <line num="26" count="15" type="stmt"/>
        <line num="27" count="9" type="stmt"/>
        <line num="28" count="9" type="stmt"/>
        <line num="32" count="15" type="stmt"/>
        <line num="33" count="0" type="stmt"/>
        <line num="36" count="15" type="stmt"/>
      </file>
      <file name="useCachedResources.ts" path="D:\Work\Thndr\Nasdaq\src\hooks\useCachedResources.ts">
        <metrics statements="10" coveredstatements="9" conditionals="0" coveredconditionals="0" methods="3" coveredmethods="3"/>
        <line num="7" count="6" type="stmt"/>
        <line num="10" count="6" type="stmt"/>
        <line num="12" count="3" type="stmt"/>
        <line num="13" count="3" type="stmt"/>
        <line num="16" count="3" type="stmt"/>
        <line num="22" count="0" type="stmt"/>
        <line num="24" count="3" type="stmt"/>
        <line num="25" count="3" type="stmt"/>
        <line num="29" count="3" type="stmt"/>
        <line num="32" count="6" type="stmt"/>
      </file>
      <file name="useColorScheme.ts" path="D:\Work\Thndr\Nasdaq\src\hooks\useColorScheme.ts">
        <metrics statements="1" coveredstatements="1" conditionals="0" coveredconditionals="0" methods="1" coveredmethods="1"/>
        <line num="7" count="361" type="stmt"/>
      </file>
    </package>
    <package name="Nasdaq.src.navigation">
      <metrics statements="4" coveredstatements="4" conditionals="2" coveredconditionals="1" methods="2" coveredmethods="2"/>
      <file name="LinkingConfiguration.ts" path="D:\Work\Thndr\Nasdaq\src\navigation\LinkingConfiguration.ts">
        <metrics statements="1" coveredstatements="1" conditionals="0" coveredconditionals="0" methods="0" coveredmethods="0"/>
        <line num="12" count="3" type="stmt"/>
      </file>
      <file name="index.tsx" path="D:\Work\Thndr\Nasdaq\src\navigation\index.tsx">
        <metrics statements="3" coveredstatements="3" conditionals="2" coveredconditionals="1" methods="2" coveredmethods="2"/>
        <line num="26" count="3" type="stmt"/>
        <line num="40" count="3" type="stmt"/>
        <line num="43" count="3" type="stmt"/>
      </file>
    </package>
    <package name="Nasdaq.src.overmind">
      <metrics statements="85" coveredstatements="66" conditionals="43" coveredconditionals="25" methods="10" coveredmethods="10"/>
      <file name="actions.ts" path="D:\Work\Thndr\Nasdaq\src\overmind\actions.ts">
        <metrics statements="34" coveredstatements="30" conditionals="9" coveredconditionals="5" methods="5" coveredmethods="5"/>
        <line num="9" count="3" type="stmt"/>
        <line num="13" count="3" type="stmt"/>
        <line num="14" count="3" type="stmt"/>
        <line num="15" count="3" type="stmt"/>
        <line num="18" count="3" type="cond" truecount="1" falsecount="1"/>
        <line num="19" count="0" type="stmt"/>
        <line num="20" count="3" type="stmt"/>
        <line num="22" count="0" type="stmt"/>
        <line num="24" count="3" type="stmt"/>
        <line num="28" count="3" type="stmt"/>
        <line num="29" count="3" type="stmt"/>
        <line num="30" count="3" type="stmt"/>
        <line num="32" count="3" type="stmt"/>
        <line num="36" count="3" type="cond" truecount="1" falsecount="1"/>
        <line num="37" count="3" type="stmt"/>
        <line num="41" count="3" type="stmt"/>
        <line num="42" count="3" type="stmt"/>
        <line num="45" count="0" type="stmt"/>
        <line num="47" count="3" type="stmt"/>
        <line num="51" count="3" type="stmt"/>
        <line num="52" count="3" type="stmt"/>
        <line num="53" count="3" type="stmt"/>
        <line num="55" count="3" type="stmt"/>
        <line num="57" count="3" type="cond" truecount="1" falsecount="1"/>
        <line num="58" count="3" type="stmt"/>
        <line num="62" count="3" type="stmt"/>
        <line num="63" count="3" type="stmt"/>
        <line num="66" count="0" type="stmt"/>
        <line num="68" count="3" type="stmt"/>
        <line num="72" count="3" type="stmt"/>
        <line num="73" count="6" type="stmt"/>
        <line num="74" count="3" type="stmt"/>
        <line num="76" count="6" type="cond" truecount="1" falsecount="1"/>
        <line num="77" count="6" type="stmt"/>
      </file>
      <file name="effects.ts" path="D:\Work\Thndr\Nasdaq\src\overmind\effects.ts">
        <metrics statements="45" coveredstatements="30" conditionals="34" coveredconditionals="20" methods="5" coveredmethods="5"/>
        <line num="6" count="3" type="stmt"/>
        <line num="7" count="3" type="stmt"/>
        <line num="9" count="3" type="stmt"/>
        <line num="11" count="3" type="stmt"/>
        <line num="12" count="3" type="cond" truecount="1" falsecount="1"/>
        <line num="13" count="3" type="cond" truecount="1" falsecount="1"/>
        <line num="17" count="0" type="stmt"/>
        <line num="18" count="3" type="cond" truecount="1" falsecount="1"/>
        <line num="19" count="0" type="cond" truecount="0" falsecount="2"/>
        <line num="20" count="0" type="stmt"/>
        <line num="24" count="0" type="stmt"/>
        <line num="26" count="3" type="stmt"/>
        <line num="27" count="3" type="stmt"/>
        <line num="28" count="3" type="cond" truecount="3" falsecount="1"/>
        <line num="29" count="0" type="stmt"/>
        <line num="30" count="0" type="cond" truecount="0" falsecount="2"/>
        <line num="32" count="3" type="cond" truecount="3" falsecount="1"/>
        <line num="33" count="3" type="stmt"/>
        <line num="36" count="0" type="stmt"/>
        <line num="37" count="0" type="stmt"/>
        <line num="39" count="0" type="stmt"/>
        <line num="42" count="3" type="stmt"/>
        <line num="43" count="3" type="stmt"/>
        <line num="44" count="3" type="stmt"/>
        <line num="45" count="3" type="stmt"/>
        <line num="47" count="3" type="cond" truecount="3" falsecount="1"/>
        <line num="48" count="3" type="stmt"/>
        <line num="56" count="0" type="stmt"/>
        <line num="58" count="0" type="stmt"/>
        <line num="59" count="0" type="stmt"/>
        <line num="79" count="3" type="stmt"/>
        <line num="80" count="3" type="stmt"/>
        <line num="81" count="3" type="stmt"/>
        <line num="83" count="3" type="cond" truecount="1" falsecount="1"/>
        <line num="89" count="3" type="stmt"/>
        <line num="96" count="0" type="stmt"/>
        <line num="98" count="0" type="stmt"/>
        <line num="99" count="0" type="stmt"/>
        <line num="104" count="3" type="stmt"/>
        <line num="105" count="3" type="stmt"/>
        <line num="108" count="3" type="stmt"/>
        <line num="109" count="3" type="stmt"/>
        <line num="112" count="3" type="stmt"/>
        <line num="113" count="3" type="stmt"/>
        <line num="114" count="3" type="stmt"/>
      </file>
      <file name="index.ts" path="D:\Work\Thndr\Nasdaq\src\overmind\index.ts">
        <metrics statements="5" coveredstatements="5" conditionals="0" coveredconditionals="0" methods="0" coveredmethods="0"/>
        <line num="13" count="3" type="stmt"/>
        <line num="21" count="3" type="stmt"/>
        <line num="22" count="3" type="stmt"/>
        <line num="23" count="3" type="stmt"/>
        <line num="24" count="3" type="stmt"/>
      </file>
      <file name="state.ts" path="D:\Work\Thndr\Nasdaq\src\overmind\state.ts">
        <metrics statements="1" coveredstatements="1" conditionals="0" coveredconditionals="0" methods="0" coveredmethods="0"/>
        <line num="27" count="3" type="stmt"/>
      </file>
    </package>
    <package name="Nasdaq.src.screens.Details">
      <metrics statements="18" coveredstatements="17" conditionals="4" coveredconditionals="2" methods="4" coveredmethods="3"/>
      <file name="index.tsx" path="D:\Work\Thndr\Nasdaq\src\screens\Details\index.tsx">
        <metrics statements="18" coveredstatements="17" conditionals="4" coveredconditionals="2" methods="4" coveredmethods="3"/>
        <line num="13" count="3" type="stmt"/>
        <line num="19" count="24" type="stmt"/>
        <line num="21" count="24" type="stmt"/>
        <line num="22" count="24" type="stmt"/>
        <line num="23" count="24" type="stmt"/>
        <line num="24" count="24" type="stmt"/>
        <line num="25" count="24" type="stmt"/>
        <line num="27" count="24" type="stmt"/>
        <line num="29" count="24" type="stmt"/>
        <line num="30" count="9" type="stmt"/>
        <line num="33" count="24" type="stmt"/>
        <line num="34" count="3" type="cond" truecount="1" falsecount="1"/>
        <line num="35" count="3" type="stmt"/>
        <line num="36" count="3" type="cond" truecount="1" falsecount="1"/>
        <line num="37" count="0" type="stmt"/>
        <line num="39" count="3" type="stmt"/>
        <line num="40" count="3" type="stmt"/>
        <line num="45" count="24" type="stmt"/>
      </file>
    </package>
    <package name="Nasdaq.src.screens.Details.About">
      <metrics statements="16" coveredstatements="15" conditionals="17" coveredconditionals="15" methods="4" coveredmethods="4"/>
      <file name="Section.tsx" path="D:\Work\Thndr\Nasdaq\src\screens\Details\About\Section.tsx">
        <metrics statements="4" coveredstatements="4" conditionals="0" coveredconditionals="0" methods="1" coveredmethods="1"/>
        <line num="9" count="3" type="stmt"/>
        <line num="13" count="3" type="stmt"/>
        <line num="14" count="12" type="stmt"/>
        <line num="20" count="3" type="stmt"/>
      </file>
      <file name="index.tsx" path="D:\Work\Thndr\Nasdaq\src\screens\Details\About\index.tsx">
        <metrics statements="12" coveredstatements="11" conditionals="17" coveredconditionals="15" methods="3" coveredmethods="3"/>
        <line num="14" count="3" type="stmt"/>
        <line num="19" count="3" type="stmt"/>
        <line num="25" count="24" type="stmt"/>
        <line num="28" count="24" type="cond" truecount="3" falsecount="0"/>
        <line num="30" count="24" type="stmt"/>
        <line num="31" count="1" type="cond" truecount="1" falsecount="1"/>
        <line num="32" count="1" type="stmt"/>
        <line num="33" count="1" type="cond" truecount="1" falsecount="1"/>
        <line num="34" count="1" type="stmt"/>
        <line num="36" count="0" type="stmt"/>
        <line num="41" count="24" type="cond" truecount="4" falsecount="0"/>
        <line num="66" count="3" type="stmt"/>
      </file>
    </package>
    <package name="Nasdaq.src.screens.Details.Header">
      <metrics statements="13" coveredstatements="13" conditionals="6" coveredconditionals="6" methods="2" coveredmethods="2"/>
      <file name="Logo.tsx" path="D:\Work\Thndr\Nasdaq\src\screens\Details\Header\Logo.tsx">
        <metrics statements="5" coveredstatements="5" conditionals="2" coveredconditionals="2" methods="1" coveredmethods="1"/>
        <line num="11" count="3" type="stmt"/>
        <line num="12" count="15" type="cond" truecount="2" falsecount="0"/>
        <line num="13" count="9" type="stmt"/>
        <line num="22" count="6" type="stmt"/>
        <line num="29" count="3" type="stmt"/>
      </file>
      <file name="index.tsx" path="D:\Work\Thndr\Nasdaq\src\screens\Details\Header\index.tsx">
        <metrics statements="8" coveredstatements="8" conditionals="4" coveredconditionals="4" methods="1" coveredmethods="1"/>
        <line num="13" count="3" type="stmt"/>
        <line num="17" count="3" type="stmt"/>
        <line num="23" count="27" type="stmt"/>
        <line num="26" count="27" type="cond" truecount="2" falsecount="0"/>
        <line num="27" count="12" type="stmt"/>
        <line num="33" count="15" type="stmt"/>
        <line num="50" count="27" type="stmt"/>
        <line num="53" count="3" type="stmt"/>
      </file>
    </package>
    <package name="Nasdaq.src.screens.Details.Statistics">
      <metrics statements="18" coveredstatements="18" conditionals="4" coveredconditionals="4" methods="3" coveredmethods="3"/>
      <file name="Section.tsx" path="D:\Work\Thndr\Nasdaq\src\screens\Details\Statistics\Section.tsx">
        <metrics statements="4" coveredstatements="4" conditionals="0" coveredconditionals="0" methods="1" coveredmethods="1"/>
        <line num="9" count="3" type="stmt"/>
        <line num="14" count="3" type="stmt"/>
        <line num="15" count="75" type="stmt"/>
        <line num="21" count="3" type="stmt"/>
      </file>
      <file name="index.tsx" path="D:\Work\Thndr\Nasdaq\src\screens\Details\Statistics\index.tsx">
        <metrics statements="14" coveredstatements="14" conditionals="4" coveredconditionals="4" methods="2" coveredmethods="2"/>
        <line num="14" count="3" type="stmt"/>
        <line num="19" count="3" type="stmt"/>
        <line num="24" count="3" type="stmt"/>
        <line num="30" count="24" type="stmt"/>
        <line num="32" count="24" type="stmt"/>
        <line num="33" count="21" type="cond" truecount="2" falsecount="0"/>
        <line num="34" count="15" type="stmt"/>
        <line num="44" count="6" type="stmt"/>
        <line num="52" count="24" type="cond" truecount="2" falsecount="0"/>
        <line num="53" count="3" type="stmt"/>
        <line num="59" count="21" type="stmt"/>
        <line num="60" count="21" type="stmt"/>
        <line num="68" count="24" type="stmt"/>
        <line num="71" count="3" type="stmt"/>
      </file>
    </package>
    <package name="Nasdaq.src.screens.Explore">
      <metrics statements="46" coveredstatements="37" conditionals="23" coveredconditionals="12" methods="13" coveredmethods="9"/>
      <file name="NoData.tsx" path="D:\Work\Thndr\Nasdaq\src\screens\Explore\NoData.tsx">
        <metrics statements="2" coveredstatements="1" conditionals="0" coveredconditionals="0" methods="1" coveredmethods="0"/>
        <line num="7" count="0" type="stmt"/>
        <line num="15" count="3" type="stmt"/>
      </file>
      <file name="Search.tsx" path="D:\Work\Thndr\Nasdaq\src\screens\Explore\Search.tsx">
        <metrics statements="4" coveredstatements="3" conditionals="0" coveredconditionals="0" methods="2" coveredmethods="1"/>
        <line num="13" count="3" type="stmt"/>
        <line num="24" count="13" type="stmt"/>
        <line num="28" count="0" type="stmt"/>
        <line num="45" count="3" type="stmt"/>
      </file>
      <file name="Separator.tsx" path="D:\Work\Thndr\Nasdaq\src\screens\Explore\Separator.tsx">
        <metrics statements="2" coveredstatements="2" conditionals="0" coveredconditionals="0" methods="1" coveredmethods="1"/>
        <line num="4" count="3" type="stmt"/>
        <line num="13" count="53" type="stmt"/>
      </file>
      <file name="StockListItem.tsx" path="D:\Work\Thndr\Nasdaq\src\screens\Explore\StockListItem.tsx">
        <metrics statements="5" coveredstatements="5" conditionals="0" coveredconditionals="0" methods="1" coveredmethods="1"/>
        <line num="15" count="3" type="stmt"/>
        <line num="21" count="3" type="stmt"/>
        <line num="27" count="3" type="stmt"/>
        <line num="32" count="50" type="stmt"/>
        <line num="51" count="3" type="stmt"/>
      </file>
      <file name="index.tsx" path="D:\Work\Thndr\Nasdaq\src\screens\Explore\index.tsx">
        <metrics statements="33" coveredstatements="26" conditionals="23" coveredconditionals="12" methods="8" coveredmethods="6"/>
        <line num="17" count="3" type="stmt"/>
        <line num="23" count="3" type="stmt"/>
        <line num="31" count="3" type="stmt"/>
        <line num="32" count="24" type="stmt"/>
        <line num="33" count="24" type="stmt"/>
        <line num="34" count="24" type="stmt"/>
        <line num="36" count="24" type="stmt"/>
        <line num="37" count="24" type="stmt"/>
        <line num="38" count="24" type="stmt"/>
        <line num="40" count="24" type="stmt"/>
        <line num="43" count="3" type="stmt"/>
        <line num="45" count="3" type="cond" truecount="1" falsecount="1"/>
        <line num="46" count="0" type="stmt"/>
        <line num="47" count="0" type="cond" truecount="0" falsecount="2"/>
        <line num="48" count="0" type="stmt"/>
        <line num="50" count="3" type="stmt"/>
        <line num="51" count="3" type="stmt"/>
        <line num="52" count="0" type="cond" truecount="0" falsecount="2"/>
        <line num="56" count="24" type="stmt"/>
        <line num="57" count="3" type="stmt"/>
        <line num="59" count="24" type="stmt"/>
        <line num="60" count="50" type="stmt"/>
        <line num="63" count="3" type="stmt"/>
        <line num="69" count="24" type="stmt"/>
        <line num="78" count="24" type="cond" truecount="4" falsecount="0"/>
        <line num="80" count="13" type="stmt"/>
        <line num="88" count="13" type="cond" truecount="2" falsecount="2"/>
        <line num="89" count="0" type="stmt"/>
        <line num="98" count="13" type="stmt"/>
        <line num="105" count="6" type="cond" truecount="2" falsecount="2"/>
        <line num="106" count="0" type="stmt"/>
        <line num="107" count="0" type="stmt"/>
        <line num="118" count="24" type="stmt"/>
      </file>
    </package>
  </project>
</coverage>
