{"total": {"lines":{"total":269,"covered":146,"skipped":0,"pct":54.27},"statements":{"total":275,"covered":147,"skipped":0,"pct":53.45},"functions":{"total":59,"covered":28,"skipped":0,"pct":47.45},"branches":{"total":111,"covered":33,"skipped":0,"pct":29.72},"branchesTrue":{"total":0,"covered":0,"skipped":0,"pct":100}}
,"D:\\Work\\Thndr\\Nasdaq\\App.tsx": {"lines":{"total":8,"covered":8,"skipped":0,"pct":100},"functions":{"total":1,"covered":1,"skipped":0,"pct":100},"statements":{"total":8,"covered":8,"skipped":0,"pct":100},"branches":{"total":2,"covered":2,"skipped":0,"pct":100}}
,"D:\\Work\\Thndr\\Nasdaq\\src\\components\\ErrorModal.tsx": {"lines":{"total":9,"covered":7,"skipped":0,"pct":77.77},"functions":{"total":1,"covered":0,"skipped":0,"pct":0},"statements":{"total":9,"covered":7,"skipped":0,"pct":77.77},"branches":{"total":2,"covered":0,"skipped":0,"pct":0}}
,"D:\\Work\\Thndr\\Nasdaq\\src\\components\\Loader.tsx": {"lines":{"total":1,"covered":1,"skipped":0,"pct":100},"functions":{"total":1,"covered":1,"skipped":0,"pct":100},"statements":{"total":1,"covered":1,"skipped":0,"pct":100},"branches":{"total":0,"covered":0,"skipped":0,"pct":100}}
,"D:\\Work\\Thndr\\Nasdaq\\src\\components\\ThemeText.tsx": {"lines":{"total":1,"covered":1,"skipped":0,"pct":100},"functions":{"total":1,"covered":1,"skipped":0,"pct":100},"statements":{"total":1,"covered":1,"skipped":0,"pct":100},"branches":{"total":0,"covered":0,"skipped":0,"pct":100}}
,"D:\\Work\\Thndr\\Nasdaq\\src\\components\\Themed.tsx": {"lines":{"total":11,"covered":7,"skipped":0,"pct":63.63},"functions":{"total":3,"covered":2,"skipped":0,"pct":66.66},"statements":{"total":11,"covered":7,"skipped":0,"pct":63.63},"branches":{"total":2,"covered":1,"skipped":0,"pct":50}}
,"D:\\Work\\Thndr\\Nasdaq\\src\\config\\index.js": {"lines":{"total":2,"covered":2,"skipped":0,"pct":100},"functions":{"total":0,"covered":0,"skipped":0,"pct":100},"statements":{"total":2,"covered":2,"skipped":0,"pct":100},"branches":{"total":0,"covered":0,"skipped":0,"pct":100}}
,"D:\\Work\\Thndr\\Nasdaq\\src\\constants\\Colors.ts": {"lines":{"total":2,"covered":2,"skipped":0,"pct":100},"functions":{"total":0,"covered":0,"skipped":0,"pct":100},"statements":{"total":2,"covered":2,"skipped":0,"pct":100},"branches":{"total":0,"covered":0,"skipped":0,"pct":100}}
,"D:\\Work\\Thndr\\Nasdaq\\src\\constants\\index.ts": {"lines":{"total":0,"covered":0,"skipped":0,"pct":0},"functions":{"total":0,"covered":0,"skipped":0,"pct":0},"statements":{"total":0,"covered":0,"skipped":0,"pct":0},"branches":{"total":0,"covered":0,"skipped":0,"pct":0}}
,"D:\\Work\\Thndr\\Nasdaq\\src\\constants\\theme.ts": {"lines":{"total":0,"covered":0,"skipped":0,"pct":0},"functions":{"total":0,"covered":0,"skipped":0,"pct":0},"statements":{"total":0,"covered":0,"skipped":0,"pct":0},"branches":{"total":0,"covered":0,"skipped":0,"pct":0}}
,"D:\\Work\\Thndr\\Nasdaq\\src\\hoc\\withErrorHandler\\withErrorHandler.tsx": {"lines":{"total":5,"covered":4,"skipped":0,"pct":80},"functions":{"total":3,"covered":2,"skipped":0,"pct":66.66},"statements":{"total":6,"covered":4,"skipped":0,"pct":66.66},"branches":{"total":4,"covered":1,"skipped":0,"pct":25}}
,"D:\\Work\\Thndr\\Nasdaq\\src\\hooks\\http-error-handler.js": {"lines":{"total":19,"covered":15,"skipped":0,"pct":78.94},"functions":{"total":7,"covered":6,"skipped":0,"pct":85.71},"statements":{"total":19,"covered":15,"skipped":0,"pct":78.94},"branches":{"total":2,"covered":1,"skipped":0,"pct":50}}
,"D:\\Work\\Thndr\\Nasdaq\\src\\hooks\\useCachedResources.ts": {"lines":{"total":10,"covered":9,"skipped":0,"pct":90},"functions":{"total":3,"covered":3,"skipped":0,"pct":100},"statements":{"total":10,"covered":9,"skipped":0,"pct":90},"branches":{"total":0,"covered":0,"skipped":0,"pct":100}}
,"D:\\Work\\Thndr\\Nasdaq\\src\\hooks\\useColorScheme.ts": {"lines":{"total":1,"covered":1,"skipped":0,"pct":100},"functions":{"total":1,"covered":1,"skipped":0,"pct":100},"statements":{"total":1,"covered":1,"skipped":0,"pct":100},"branches":{"total":0,"covered":0,"skipped":0,"pct":100}}
,"D:\\Work\\Thndr\\Nasdaq\\src\\navigation\\LinkingConfiguration.ts": {"lines":{"total":1,"covered":1,"skipped":0,"pct":100},"functions":{"total":0,"covered":0,"skipped":0,"pct":100},"statements":{"total":1,"covered":1,"skipped":0,"pct":100},"branches":{"total":0,"covered":0,"skipped":0,"pct":100}}
,"D:\\Work\\Thndr\\Nasdaq\\src\\navigation\\index.tsx": {"lines":{"total":3,"covered":3,"skipped":0,"pct":100},"functions":{"total":2,"covered":2,"skipped":0,"pct":100},"statements":{"total":3,"covered":3,"skipped":0,"pct":100},"branches":{"total":2,"covered":1,"skipped":0,"pct":50}}
,"D:\\Work\\Thndr\\Nasdaq\\src\\overmind\\actions.ts": {"lines":{"total":34,"covered":10,"skipped":0,"pct":29.41},"functions":{"total":5,"covered":1,"skipped":0,"pct":20},"statements":{"total":35,"covered":10,"skipped":0,"pct":28.57},"branches":{"total":9,"covered":2,"skipped":0,"pct":22.22}}
,"D:\\Work\\Thndr\\Nasdaq\\src\\overmind\\effects.ts": {"lines":{"total":45,"covered":15,"skipped":0,"pct":33.33},"functions":{"total":5,"covered":1,"skipped":0,"pct":20},"statements":{"total":46,"covered":15,"skipped":0,"pct":32.6},"branches":{"total":34,"covered":13,"skipped":0,"pct":38.23}}
,"D:\\Work\\Thndr\\Nasdaq\\src\\overmind\\index.ts": {"lines":{"total":5,"covered":5,"skipped":0,"pct":100},"functions":{"total":0,"covered":0,"skipped":0,"pct":100},"statements":{"total":5,"covered":5,"skipped":0,"pct":100},"branches":{"total":0,"covered":0,"skipped":0,"pct":100}}
,"D:\\Work\\Thndr\\Nasdaq\\src\\overmind\\state.ts": {"lines":{"total":1,"covered":1,"skipped":0,"pct":100},"functions":{"total":0,"covered":0,"skipped":0,"pct":100},"statements":{"total":1,"covered":1,"skipped":0,"pct":100},"branches":{"total":0,"covered":0,"skipped":0,"pct":100}}
,"D:\\Work\\Thndr\\Nasdaq\\src\\screens\\Details\\index.tsx": {"lines":{"total":18,"covered":1,"skipped":0,"pct":5.55},"functions":{"total":4,"covered":0,"skipped":0,"pct":0},"statements":{"total":19,"covered":1,"skipped":0,"pct":5.26},"branches":{"total":4,"covered":0,"skipped":0,"pct":0}}
,"D:\\Work\\Thndr\\Nasdaq\\src\\screens\\Details\\About\\Section.tsx": {"lines":{"total":4,"covered":3,"skipped":0,"pct":75},"functions":{"total":1,"covered":0,"skipped":0,"pct":0},"statements":{"total":4,"covered":3,"skipped":0,"pct":75},"branches":{"total":0,"covered":0,"skipped":0,"pct":100}}
,"D:\\Work\\Thndr\\Nasdaq\\src\\screens\\Details\\About\\index.tsx": {"lines":{"total":12,"covered":3,"skipped":0,"pct":25},"functions":{"total":3,"covered":0,"skipped":0,"pct":0},"statements":{"total":12,"covered":3,"skipped":0,"pct":25},"branches":{"total":17,"covered":0,"skipped":0,"pct":0}}
,"D:\\Work\\Thndr\\Nasdaq\\src\\screens\\Details\\Header\\Logo.tsx": {"lines":{"total":5,"covered":2,"skipped":0,"pct":40},"functions":{"total":1,"covered":0,"skipped":0,"pct":0},"statements":{"total":5,"covered":2,"skipped":0,"pct":40},"branches":{"total":2,"covered":0,"skipped":0,"pct":0}}
,"D:\\Work\\Thndr\\Nasdaq\\src\\screens\\Details\\Header\\index.tsx": {"lines":{"total":8,"covered":3,"skipped":0,"pct":37.5},"functions":{"total":1,"covered":0,"skipped":0,"pct":0},"statements":{"total":8,"covered":3,"skipped":0,"pct":37.5},"branches":{"total":4,"covered":0,"skipped":0,"pct":0}}
,"D:\\Work\\Thndr\\Nasdaq\\src\\screens\\Details\\Statistics\\Section.tsx": {"lines":{"total":4,"covered":3,"skipped":0,"pct":75},"functions":{"total":1,"covered":0,"skipped":0,"pct":0},"statements":{"total":4,"covered":3,"skipped":0,"pct":75},"branches":{"total":0,"covered":0,"skipped":0,"pct":100}}
,"D:\\Work\\Thndr\\Nasdaq\\src\\screens\\Details\\Statistics\\index.tsx": {"lines":{"total":14,"covered":4,"skipped":0,"pct":28.57},"functions":{"total":2,"covered":0,"skipped":0,"pct":0},"statements":{"total":14,"covered":4,"skipped":0,"pct":28.57},"branches":{"total":4,"covered":0,"skipped":0,"pct":0}}
,"D:\\Work\\Thndr\\Nasdaq\\src\\screens\\Explore\\NoData.tsx": {"lines":{"total":2,"covered":1,"skipped":0,"pct":50},"functions":{"total":1,"covered":0,"skipped":0,"pct":0},"statements":{"total":2,"covered":1,"skipped":0,"pct":50},"branches":{"total":0,"covered":0,"skipped":0,"pct":100}}
,"D:\\Work\\Thndr\\Nasdaq\\src\\screens\\Explore\\Search.tsx": {"lines":{"total":4,"covered":3,"skipped":0,"pct":75},"functions":{"total":2,"covered":1,"skipped":0,"pct":50},"statements":{"total":4,"covered":3,"skipped":0,"pct":75},"branches":{"total":0,"covered":0,"skipped":0,"pct":100}}
,"D:\\Work\\Thndr\\Nasdaq\\src\\screens\\Explore\\Separator.tsx": {"lines":{"total":2,"covered":2,"skipped":0,"pct":100},"functions":{"total":1,"covered":1,"skipped":0,"pct":100},"statements":{"total":2,"covered":2,"skipped":0,"pct":100},"branches":{"total":0,"covered":0,"skipped":0,"pct":100}}
,"D:\\Work\\Thndr\\Nasdaq\\src\\screens\\Explore\\StockListItem.tsx": {"lines":{"total":5,"covered":5,"skipped":0,"pct":100},"functions":{"total":1,"covered":1,"skipped":0,"pct":100},"statements":{"total":5,"covered":5,"skipped":0,"pct":100},"branches":{"total":0,"covered":0,"skipped":0,"pct":100}}
,"D:\\Work\\Thndr\\Nasdaq\\src\\screens\\Explore\\index.tsx": {"lines":{"total":33,"covered":24,"skipped":0,"pct":72.72},"functions":{"total":8,"covered":4,"skipped":0,"pct":50},"statements":{"total":35,"covered":25,"skipped":0,"pct":71.42},"branches":{"total":23,"covered":12,"skipped":0,"pct":52.17}}
}
