TN:
SF:App.tsx
FN:20,App
FNF:1
FNH:1
FNDA:10,App
DA:15,5
DA:16,5
DA:18,5
DA:21,10
DA:22,10
DA:24,10
DA:25,5
DA:27,5
LF:8
LH:8
BRDA:24,0,0,5
BRDA:24,0,1,5
BRF:2
BRH:2
end_of_record
TN:
SF:src\components\ErrorModal.tsx
FN:63,ErrorModal
FNF:1
FNH:0
FNDA:0,ErrorModal
DA:13,5
DA:18,5
DA:25,5
DA:40,5
DA:50,5
DA:57,5
DA:64,0
DA:65,0
DA:100,5
LF:9
LH:7
BRDA:86,0,0,0
BRDA:86,0,1,0
BRF:2
BRH:0
end_of_record
TN:
SF:src\components\Loader.tsx
FN:4,Loader
FNF:1
FNH:1
FNDA:14,Loader
DA:5,14
LF:1
LH:1
BRF:0
BRH:0
end_of_record
TN:
SF:src\components\ThemeText.tsx
FN:4,ThemeText
FNF:1
FNH:1
FNDA:100,ThemeText
DA:5,100
LF:1
LH:1
BRF:0
BRH:0
end_of_record
TN:
SF:src\components\Themed.tsx
FN:11,useThemeColor
FN:33,Text
FN:40,View
FNF:3
FNH:2
FNDA:100,useThemeColor
FNDA:100,Text
FNDA:0,View
DA:15,100
DA:16,100
DA:18,100
DA:19,0
DA:21,100
DA:34,100
DA:35,100
DA:37,100
DA:41,0
DA:42,0
DA:44,0
LF:11
LH:7
BRDA:18,0,0,0
BRDA:18,0,1,100
BRF:2
BRH:1
end_of_record
TN:
SF:src\config\index.js
FNF:0
FNH:0
DA:1,5
DA:2,5
LF:2
LH:2
BRF:0
BRH:0
end_of_record
TN:
SF:src\constants\Colors.ts
FNF:0
FNH:0
DA:1,5
DA:2,5
LF:2
LH:2
BRF:0
BRH:0
end_of_record
TN:
SF:src\constants\index.ts
FNF:0
FNH:0
LF:0
LH:0
BRF:0
BRH:0
end_of_record
TN:
SF:src\constants\theme.ts
FNF:0
FNH:0
LF:0
LH:0
BRF:0
BRH:0
end_of_record
TN:
SF:src\hoc\withErrorHandler\withErrorHandler.tsx
FN:8,withErrorHandler
FN:11,(anonymous_1)
FN:14,(anonymous_2)
FNF:3
FNH:2
FNDA:10,withErrorHandler
FNDA:16,(anonymous_1)
FNDA:0,(anonymous_2)
DA:11,10
DA:12,16
DA:14,16
DA:15,0
DA:18,16
LF:5
LH:4
BRDA:15,0,0,0
BRDA:15,0,1,0
BRDA:20,1,0,0
BRDA:20,1,1,16
BRF:4
BRH:1
end_of_record
TN:
SF:src\hooks\http-error-handler.js
FN:5,(anonymous_0)
FN:10,(anonymous_1)
FN:19,(anonymous_2)
FN:20,(anonymous_3)
FN:25,(anonymous_4)
FN:26,(anonymous_5)
FN:32,(anonymous_6)
FNF:7
FNH:6
FNDA:16,(anonymous_0)
FNDA:5,(anonymous_1)
FNDA:4,(anonymous_2)
FNDA:1,(anonymous_3)
FNDA:15,(anonymous_4)
FNDA:10,(anonymous_5)
FNDA:0,(anonymous_6)
DA:6,16
DA:7,16
DA:8,16
DA:10,16
DA:11,5
DA:12,0
DA:13,0
DA:14,0
DA:16,5
DA:18,16
DA:19,4
DA:21,1
DA:25,16
DA:26,15
DA:27,10
DA:28,10
DA:32,16
DA:33,0
DA:36,16
LF:19
LH:15
BRDA:11,0,0,0
BRDA:11,0,1,5
BRF:2
BRH:1
end_of_record
TN:
SF:src\hooks\useCachedResources.ts
FN:6,useCachedResources
FN:10,(anonymous_1)
FN:11,loadResourcesAndDataAsync
FNF:3
FNH:3
FNDA:10,useCachedResources
FNDA:5,(anonymous_1)
FNDA:5,loadResourcesAndDataAsync
DA:7,10
DA:10,10
DA:12,5
DA:13,5
DA:16,5
DA:22,0
DA:24,5
DA:25,5
DA:29,5
DA:32,10
LF:10
LH:9
BRF:0
BRH:0
end_of_record
TN:
SF:src\hooks\useColorScheme.ts
FN:6,useColorScheme
FNF:1
FNH:1
FNDA:110,useColorScheme
DA:7,110
LF:1
LH:1
BRF:0
BRH:0
end_of_record
TN:
SF:src\navigation\LinkingConfiguration.ts
FNF:0
FNH:0
DA:12,5
LF:1
LH:1
BRF:0
BRH:0
end_of_record
TN:
SF:src\navigation\index.tsx
FN:21,Navigation
FN:42,RootNavigator
FNF:2
FNH:2
FNDA:5,Navigation
FNDA:5,RootNavigator
DA:26,5
DA:40,5
DA:43,5
LF:3
LH:3
BRDA:29,0,0,0
BRDA:29,0,1,5
BRF:2
BRH:1
end_of_record
TN:
SF:src\overmind\actions.ts
FN:9,(anonymous_0)
FN:28,(anonymous_1)
FN:51,(anonymous_2)
FN:72,(anonymous_3)
FN:74,(anonymous_4)
FNF:5
FNH:1
FNDA:5,(anonymous_0)
FNDA:0,(anonymous_1)
FNDA:0,(anonymous_2)
FNDA:0,(anonymous_3)
FNDA:0,(anonymous_4)
DA:9,5
DA:13,5
DA:14,5
DA:15,5
DA:18,5
DA:19,0
DA:20,5
DA:22,0
DA:24,5
DA:28,5
DA:29,0
DA:30,0
DA:32,0
DA:36,0
DA:37,0
DA:41,0
DA:42,0
DA:45,0
DA:47,0
DA:51,5
DA:52,0
DA:53,0
DA:55,0
DA:57,0
DA:58,0
DA:62,0
DA:63,0
DA:66,0
DA:68,0
DA:72,5
DA:73,0
DA:74,0
DA:76,0
DA:77,0
LF:34
LH:10
BRDA:11,0,0,5
BRDA:18,1,0,0
BRDA:18,1,1,5
BRDA:36,2,0,0
BRDA:36,2,1,0
BRDA:57,3,0,0
BRDA:57,3,1,0
BRDA:76,4,0,0
BRDA:76,4,1,0
BRF:9
BRH:2
end_of_record
TN:
SF:src\overmind\effects.ts
FN:10,(anonymous_0)
FN:41,(anonymous_1)
FN:63,(anonymous_2)
FN:104,(anonymous_3)
FN:112,(anonymous_4)
FNF:5
FNH:1
FNDA:5,(anonymous_0)
FNDA:0,(anonymous_1)
FNDA:0,(anonymous_2)
FNDA:0,(anonymous_3)
FNDA:0,(anonymous_4)
DA:6,5
DA:7,5
DA:9,5
DA:11,5
DA:12,5
DA:13,5
DA:17,0
DA:18,5
DA:19,0
DA:20,0
DA:24,0
DA:26,5
DA:27,5
DA:28,5
DA:29,0
DA:30,0
DA:32,5
DA:33,4
DA:36,0
DA:37,0
DA:39,1
DA:42,0
DA:43,0
DA:44,0
DA:45,0
DA:47,0
DA:48,0
DA:56,0
DA:58,0
DA:59,0
DA:79,0
DA:80,0
DA:81,0
DA:83,0
DA:89,0
DA:96,0
DA:98,0
DA:99,0
DA:104,5
DA:105,0
DA:108,0
DA:109,0
DA:112,5
DA:113,0
DA:114,0
LF:45
LH:15
BRDA:12,0,0,5
BRDA:12,0,1,0
BRDA:13,1,0,0
BRDA:13,1,1,5
BRDA:14,2,0,5
BRDA:14,2,1,0
BRDA:14,2,2,0
BRDA:14,2,3,5
BRDA:14,2,4,5
BRDA:14,2,5,0
BRDA:18,3,0,0
BRDA:18,3,1,5
BRDA:19,4,0,0
BRDA:19,4,1,0
BRDA:28,5,0,0
BRDA:28,5,1,5
BRDA:28,6,0,5
BRDA:28,6,1,4
BRDA:30,7,0,0
BRDA:30,7,1,0
BRDA:32,8,0,4
BRDA:32,8,1,1
BRDA:32,9,0,5
BRDA:32,9,1,4
BRDA:47,10,0,0
BRDA:47,10,1,0
BRDA:47,11,0,0
BRDA:47,11,1,0
BRDA:83,12,0,0
BRDA:83,12,1,0
BRDA:84,13,0,0
BRDA:84,13,1,0
BRDA:84,13,2,0
BRDA:84,13,3,0
BRF:34
BRH:13
end_of_record
TN:
SF:src\overmind\index.ts
FNF:0
FNH:0
DA:13,5
DA:21,5
DA:22,5
DA:23,5
DA:24,5
LF:5
LH:5
BRF:0
BRH:0
end_of_record
TN:
SF:src\overmind\state.ts
FNF:0
FNH:0
DA:27,5
LF:1
LH:1
BRF:0
BRH:0
end_of_record
TN:
SF:src\screens\Details\index.tsx
FN:18,StockDetailsScreen
FN:29,(anonymous_1)
FN:33,(anonymous_2)
FN:35,(anonymous_3)
FNF:4
FNH:0
FNDA:0,StockDetailsScreen
FNDA:0,(anonymous_1)
FNDA:0,(anonymous_2)
FNDA:0,(anonymous_3)
DA:13,5
DA:19,0
DA:21,0
DA:22,0
DA:23,0
DA:24,0
DA:25,0
DA:27,0
DA:29,0
DA:30,0
DA:33,0
DA:34,0
DA:35,0
DA:36,0
DA:37,0
DA:39,0
DA:40,0
DA:45,0
LF:18
LH:1
BRDA:34,0,0,0
BRDA:34,0,1,0
BRDA:36,1,0,0
BRDA:36,1,1,0
BRF:4
BRH:0
end_of_record
TN:
SF:src\screens\Details\About\Section.tsx
FN:13,(anonymous_0)
FNF:1
FNH:0
FNDA:0,(anonymous_0)
DA:9,5
DA:13,5
DA:14,0
DA:20,5
LF:4
LH:3
BRF:0
BRH:0
end_of_record
TN:
SF:src\screens\Details\About\index.tsx
FN:24,About
FN:30,(anonymous_1)
FN:32,(anonymous_2)
FNF:3
FNH:0
FNDA:0,About
FNDA:0,(anonymous_1)
FNDA:0,(anonymous_2)
DA:14,5
DA:19,5
DA:25,0
DA:28,0
DA:30,0
DA:31,0
DA:32,0
DA:33,0
DA:34,0
DA:36,0
DA:41,0
DA:66,5
LF:12
LH:3
BRDA:28,0,0,0
BRDA:28,0,1,0
BRDA:28,0,2,0
BRDA:31,1,0,0
BRDA:31,1,1,0
BRDA:33,2,0,0
BRDA:33,2,1,0
BRDA:41,3,0,0
BRDA:41,3,1,0
BRDA:41,4,0,0
BRDA:41,4,1,0
BRDA:46,5,0,0
BRDA:46,5,1,0
BRDA:55,6,0,0
BRDA:55,6,1,0
BRDA:58,7,0,0
BRDA:58,7,1,0
BRF:17
BRH:0
end_of_record
TN:
SF:src\screens\Details\Header\Logo.tsx
FN:11,(anonymous_0)
FNF:1
FNH:0
FNDA:0,(anonymous_0)
DA:11,5
DA:12,0
DA:13,0
DA:22,0
DA:29,5
LF:5
LH:2
BRDA:12,0,0,0
BRDA:12,0,1,0
BRF:2
BRH:0
end_of_record
TN:
SF:src\screens\Details\Header\index.tsx
FN:22,Header
FNF:1
FNH:0
FNDA:0,Header
DA:13,5
DA:17,5
DA:23,0
DA:26,0
DA:27,0
DA:33,0
DA:42,0
DA:45,5
LF:8
LH:3
BRDA:26,0,0,0
BRDA:26,0,1,0
BRDA:38,1,0,0
BRDA:38,1,1,0
BRF:4
BRH:0
end_of_record
TN:
SF:src\screens\Details\Statistics\Section.tsx
FN:14,(anonymous_0)
FNF:1
FNH:0
FNDA:0,(anonymous_0)
DA:9,5
DA:14,5
DA:15,0
DA:21,5
LF:4
LH:3
BRF:0
BRH:0
end_of_record
TN:
SF:src\screens\Details\Statistics\index.tsx
FN:29,Statistics
FN:32,(anonymous_1)
FNF:2
FNH:0
FNDA:0,Statistics
FNDA:0,(anonymous_1)
DA:14,5
DA:19,5
DA:24,5
DA:30,0
DA:32,0
DA:33,0
DA:34,0
DA:44,0
DA:52,0
DA:53,0
DA:59,0
DA:60,0
DA:68,0
DA:71,5
LF:14
LH:4
BRDA:33,0,0,0
BRDA:33,0,1,0
BRDA:52,1,0,0
BRDA:52,1,1,0
BRF:4
BRH:0
end_of_record
TN:
SF:src\screens\Explore\NoData.tsx
FN:6,NoData
FNF:1
FNH:0
FNDA:0,NoData
DA:7,0
DA:15,5
LF:2
LH:1
BRF:0
BRH:0
end_of_record
TN:
SF:src\screens\Explore\Search.tsx
FN:18,Search
FN:28,(anonymous_1)
FNF:2
FNH:1
FNDA:17,Search
FNDA:0,(anonymous_1)
DA:13,5
DA:24,17
DA:28,0
DA:45,5
LF:4
LH:3
BRF:0
BRH:0
end_of_record
TN:
SF:src\screens\Explore\Separator.tsx
FN:12,Separator
FNF:1
FNH:1
FNDA:57,Separator
DA:4,5
DA:13,57
LF:2
LH:2
BRF:0
BRH:0
end_of_record
TN:
SF:src\screens\Explore\StockListItem.tsx
FN:31,StockListItem
FNF:1
FNH:1
FNDA:50,StockListItem
DA:15,5
DA:21,5
DA:27,5
DA:32,50
DA:51,5
LF:5
LH:5
BRF:0
BRH:0
end_of_record
TN:
SF:src\screens\Explore\index.tsx
FN:31,(anonymous_0)
FN:40,(anonymous_1)
FN:46,(anonymous_2)
FN:51,(anonymous_3)
FN:56,(anonymous_4)
FN:59,(anonymous_5)
FN:63,(anonymous_6)
FN:104,(anonymous_7)
FNF:8
FNH:4
FNDA:31,(anonymous_0)
FNDA:5,(anonymous_1)
FNDA:0,(anonymous_2)
FNDA:0,(anonymous_3)
FNDA:0,(anonymous_4)
FNDA:50,(anonymous_5)
FNDA:0,(anonymous_6)
FNDA:3,(anonymous_7)
DA:17,5
DA:23,5
DA:31,5
DA:32,31
DA:33,31
DA:34,31
DA:36,31
DA:37,31
DA:38,31
DA:40,31
DA:43,5
DA:45,5
DA:46,0
DA:47,0
DA:48,0
DA:50,5
DA:51,5
DA:52,0
DA:56,31
DA:57,0
DA:59,31
DA:60,50
DA:63,0
DA:69,31
DA:78,31
DA:80,17
DA:88,17
DA:89,0
DA:98,17
DA:105,3
DA:106,0
DA:107,0
DA:118,31
LF:33
LH:24
BRDA:45,0,0,0
BRDA:45,0,1,5
BRDA:47,1,0,0
BRDA:47,1,1,0
BRDA:52,2,0,0
BRDA:52,2,1,0
BRDA:72,3,0,0
BRDA:72,3,1,31
BRDA:72,4,0,31
BRDA:72,4,1,31
BRDA:72,4,2,0
BRDA:78,5,0,14
BRDA:78,5,1,17
BRDA:78,6,0,31
BRDA:78,6,1,14
BRDA:88,7,0,0
BRDA:88,7,1,17
BRDA:88,8,0,17
BRDA:88,8,1,0
BRDA:105,9,0,0
BRDA:105,9,1,3
BRDA:105,10,0,3
BRDA:105,10,1,0
BRF:23
BRH:12
end_of_record
