TN:
SF:App.tsx
FN:20,App
FNF:1
FNH:1
FNDA:2,App
DA:15,1
DA:16,1
DA:18,1
DA:21,2
DA:22,2
DA:24,2
DA:25,1
DA:27,1
LF:8
LH:8
BRDA:24,0,0,1
BRDA:24,0,1,1
BRF:2
BRH:2
end_of_record
TN:
SF:src\components\ErrorModal.tsx
FN:63,ErrorModal
FNF:1
FNH:0
FNDA:0,ErrorModal
DA:13,1
DA:18,1
DA:25,1
DA:40,1
DA:50,1
DA:57,1
DA:64,0
DA:65,0
DA:100,1
LF:9
LH:7
BRDA:86,0,0,0
BRDA:86,0,1,0
BRF:2
BRH:0
end_of_record
TN:
SF:src\components\Loader.tsx
FN:4,Loader
FNF:1
FNH:1
FNDA:8,Loader
DA:5,8
LF:1
LH:1
BRF:0
BRH:0
end_of_record
TN:
SF:src\components\ThemeText.tsx
FN:4,ThemeText
FNF:1
FNH:1
FNDA:69,ThemeText
DA:5,69
LF:1
LH:1
BRF:0
BRH:0
end_of_record
TN:
SF:src\components\Themed.tsx
FN:11,useThemeColor
FN:33,Text
FN:40,View
FNF:3
FNH:2
FNDA:69,useThemeColor
FNDA:69,Text
FNDA:0,View
DA:15,69
DA:16,69
DA:18,69
DA:19,0
DA:21,69
DA:34,69
DA:35,69
DA:37,69
DA:41,0
DA:42,0
DA:44,0
LF:11
LH:7
BRDA:18,0,0,0
BRDA:18,0,1,69
BRF:2
BRH:1
end_of_record
TN:
SF:src\config\index.js
FNF:0
FNH:0
DA:1,1
DA:2,1
LF:2
LH:2
BRF:0
BRH:0
end_of_record
TN:
SF:src\constants\Colors.ts
FNF:0
FNH:0
DA:1,1
DA:2,1
LF:2
LH:2
BRF:0
BRH:0
end_of_record
TN:
SF:src\constants\index.ts
FNF:0
FNH:0
LF:0
LH:0
BRF:0
BRH:0
end_of_record
TN:
SF:src\constants\theme.ts
FNF:0
FNH:0
LF:0
LH:0
BRF:0
BRH:0
end_of_record
TN:
SF:src\hoc\withErrorHandler\withErrorHandler.tsx
FN:8,withErrorHandler
FN:11,(anonymous_1)
FN:14,(anonymous_2)
FNF:3
FNH:2
FNDA:2,withErrorHandler
FNDA:5,(anonymous_1)
FNDA:0,(anonymous_2)
DA:11,2
DA:12,5
DA:14,5
DA:15,0
DA:18,5
LF:5
LH:4
BRDA:15,0,0,0
BRDA:15,0,1,0
BRDA:20,1,0,0
BRDA:20,1,1,5
BRF:4
BRH:1
end_of_record
TN:
SF:src\hooks\http-error-handler.js
FN:5,(anonymous_0)
FN:10,(anonymous_1)
FN:19,(anonymous_2)
FN:20,(anonymous_3)
FN:25,(anonymous_4)
FN:26,(anonymous_5)
FN:32,(anonymous_6)
FNF:7
FNH:5
FNDA:5,(anonymous_0)
FNDA:5,(anonymous_1)
FNDA:3,(anonymous_2)
FNDA:0,(anonymous_3)
FNDA:5,(anonymous_4)
FNDA:3,(anonymous_5)
FNDA:0,(anonymous_6)
DA:6,5
DA:7,5
DA:8,5
DA:10,5
DA:11,5
DA:12,0
DA:13,0
DA:14,0
DA:16,5
DA:18,5
DA:19,3
DA:21,0
DA:25,5
DA:26,5
DA:27,3
DA:28,3
DA:32,5
DA:33,0
DA:36,5
LF:19
LH:14
BRDA:11,0,0,0
BRDA:11,0,1,5
BRF:2
BRH:1
end_of_record
TN:
SF:src\hooks\useCachedResources.ts
FN:6,useCachedResources
FN:10,(anonymous_1)
FN:11,loadResourcesAndDataAsync
FNF:3
FNH:3
FNDA:2,useCachedResources
FNDA:1,(anonymous_1)
FNDA:1,loadResourcesAndDataAsync
DA:7,2
DA:10,2
DA:12,1
DA:13,1
DA:16,1
DA:22,0
DA:24,1
DA:25,1
DA:29,1
DA:32,2
LF:10
LH:9
BRF:0
BRH:0
end_of_record
TN:
SF:src\hooks\useColorScheme.ts
FN:6,useColorScheme
FNF:1
FNH:1
FNDA:71,useColorScheme
DA:7,71
LF:1
LH:1
BRF:0
BRH:0
end_of_record
TN:
SF:src\navigation\LinkingConfiguration.ts
FNF:0
FNH:0
DA:12,1
LF:1
LH:1
BRF:0
BRH:0
end_of_record
TN:
SF:src\navigation\index.tsx
FN:21,Navigation
FN:42,RootNavigator
FNF:2
FNH:2
FNDA:1,Navigation
FNDA:1,RootNavigator
DA:26,1
DA:40,1
DA:43,1
LF:3
LH:3
BRDA:29,0,0,0
BRDA:29,0,1,1
BRF:2
BRH:1
end_of_record
TN:
SF:src\overmind\actions.ts
FN:9,(anonymous_0)
FN:28,(anonymous_1)
FN:51,(anonymous_2)
FN:72,(anonymous_3)
FN:74,(anonymous_4)
FNF:5
FNH:4
FNDA:1,(anonymous_0)
FNDA:1,(anonymous_1)
FNDA:1,(anonymous_2)
FNDA:1,(anonymous_3)
FNDA:0,(anonymous_4)
DA:9,1
DA:13,1
DA:14,1
DA:15,1
DA:18,1
DA:19,0
DA:20,1
DA:22,0
DA:24,1
DA:28,1
DA:29,1
DA:30,1
DA:32,1
DA:36,1
DA:37,1
DA:41,1
DA:42,1
DA:45,0
DA:47,1
DA:51,1
DA:52,1
DA:53,1
DA:55,1
DA:57,0
DA:58,0
DA:62,0
DA:63,0
DA:66,0
DA:68,0
DA:72,1
DA:73,1
DA:74,0
DA:76,1
DA:77,1
LF:34
LH:24
BRDA:11,0,0,1
BRDA:18,1,0,0
BRDA:18,1,1,1
BRDA:36,2,0,1
BRDA:36,2,1,0
BRDA:57,3,0,0
BRDA:57,3,1,0
BRDA:76,4,0,0
BRDA:76,4,1,1
BRF:9
BRH:4
end_of_record
TN:
SF:src\overmind\effects.ts
FN:10,(anonymous_0)
FN:41,(anonymous_1)
FN:63,(anonymous_2)
FN:104,(anonymous_3)
FN:112,(anonymous_4)
FNF:5
FNH:5
FNDA:1,(anonymous_0)
FNDA:1,(anonymous_1)
FNDA:1,(anonymous_2)
FNDA:1,(anonymous_3)
FNDA:1,(anonymous_4)
DA:6,1
DA:7,1
DA:9,1
DA:11,1
DA:12,1
DA:13,1
DA:17,0
DA:18,1
DA:19,0
DA:20,0
DA:24,0
DA:26,1
DA:27,1
DA:28,1
DA:29,0
DA:30,0
DA:32,1
DA:33,1
DA:36,0
DA:37,0
DA:39,0
DA:42,1
DA:43,1
DA:44,1
DA:45,1
DA:47,1
DA:48,1
DA:56,0
DA:58,0
DA:59,0
DA:79,1
DA:80,1
DA:81,1
DA:83,0
DA:89,0
DA:96,0
DA:98,0
DA:99,0
DA:104,1
DA:105,1
DA:108,1
DA:109,1
DA:112,1
DA:113,1
DA:114,0
LF:45
LH:27
BRDA:12,0,0,1
BRDA:12,0,1,0
BRDA:13,1,0,0
BRDA:13,1,1,1
BRDA:14,2,0,1
BRDA:14,2,1,0
BRDA:14,2,2,0
BRDA:14,2,3,1
BRDA:14,2,4,1
BRDA:14,2,5,0
BRDA:18,3,0,0
BRDA:18,3,1,1
BRDA:19,4,0,0
BRDA:19,4,1,0
BRDA:28,5,0,0
BRDA:28,5,1,1
BRDA:28,6,0,1
BRDA:28,6,1,1
BRDA:30,7,0,0
BRDA:30,7,1,0
BRDA:32,8,0,1
BRDA:32,8,1,0
BRDA:32,9,0,1
BRDA:32,9,1,1
BRDA:47,10,0,1
BRDA:47,10,1,0
BRDA:47,11,0,1
BRDA:47,11,1,1
BRDA:83,12,0,0
BRDA:83,12,1,0
BRDA:84,13,0,0
BRDA:84,13,1,0
BRDA:84,13,2,0
BRDA:84,13,3,0
BRF:34
BRH:15
end_of_record
TN:
SF:src\overmind\index.ts
FNF:0
FNH:0
DA:13,1
DA:21,1
DA:22,1
DA:23,1
DA:24,1
LF:5
LH:5
BRF:0
BRH:0
end_of_record
TN:
SF:src\overmind\state.ts
FNF:0
FNH:0
DA:27,1
LF:1
LH:1
BRF:0
BRH:0
end_of_record
TN:
SF:src\screens\Details\index.tsx
FN:18,StockDetailsScreen
FN:29,(anonymous_1)
FN:33,(anonymous_2)
FN:35,(anonymous_3)
FNF:4
FNH:3
FNDA:5,StockDetailsScreen
FNDA:2,(anonymous_1)
FNDA:1,(anonymous_2)
FNDA:0,(anonymous_3)
DA:13,1
DA:19,5
DA:21,5
DA:22,5
DA:23,5
DA:24,5
DA:25,5
DA:27,5
DA:29,5
DA:30,2
DA:33,5
DA:34,1
DA:35,1
DA:36,1
DA:37,0
DA:39,1
DA:40,1
DA:45,5
LF:18
LH:17
BRDA:34,0,0,1
BRDA:34,0,1,0
BRDA:36,1,0,0
BRDA:36,1,1,1
BRF:4
BRH:2
end_of_record
TN:
SF:src\screens\Details\About\Section.tsx
FN:13,(anonymous_0)
FNF:1
FNH:1
FNDA:6,(anonymous_0)
DA:9,1
DA:13,1
DA:14,6
DA:20,1
LF:4
LH:4
BRF:0
BRH:0
end_of_record
TN:
SF:src\screens\Details\About\index.tsx
FN:24,About
FN:30,(anonymous_1)
FN:32,(anonymous_2)
FNF:3
FNH:1
FNDA:6,About
FNDA:0,(anonymous_1)
FNDA:0,(anonymous_2)
DA:14,1
DA:19,1
DA:25,6
DA:28,6
DA:30,6
DA:31,0
DA:32,0
DA:33,0
DA:34,0
DA:36,0
DA:41,6
DA:66,1
LF:12
LH:7
BRDA:28,0,0,6
BRDA:28,0,1,3
BRDA:28,0,2,3
BRDA:31,1,0,0
BRDA:31,1,1,0
BRDA:33,2,0,0
BRDA:33,2,1,0
BRDA:41,3,0,3
BRDA:41,3,1,3
BRDA:41,4,0,6
BRDA:41,4,1,3
BRDA:46,5,0,3
BRDA:46,5,1,3
BRDA:55,6,0,3
BRDA:55,6,1,3
BRDA:58,7,0,3
BRDA:58,7,1,3
BRF:17
BRH:13
end_of_record
TN:
SF:src\screens\Details\Header\Logo.tsx
FN:11,(anonymous_0)
FNF:1
FNH:1
FNDA:5,(anonymous_0)
DA:11,1
DA:12,5
DA:13,3
DA:22,2
DA:29,1
LF:5
LH:5
BRDA:12,0,0,3
BRDA:12,0,1,2
BRF:2
BRH:2
end_of_record
TN:
SF:src\screens\Details\Header\index.tsx
FN:22,Header
FNF:1
FNH:1
FNDA:6,Header
DA:13,1
DA:17,1
DA:23,6
DA:26,6
DA:27,1
DA:33,5
DA:48,6
DA:51,1
LF:8
LH:8
BRDA:26,0,0,1
BRDA:26,0,1,5
BRDA:40,1,0,5
BRDA:40,1,1,0
BRF:4
BRH:3
end_of_record
TN:
SF:src\screens\Details\Statistics\Section.tsx
FN:14,(anonymous_0)
FNF:1
FNH:0
FNDA:0,(anonymous_0)
DA:9,1
DA:14,1
DA:15,0
DA:21,1
LF:4
LH:3
BRF:0
BRH:0
end_of_record
TN:
SF:src\screens\Details\Statistics\index.tsx
FN:29,Statistics
FN:32,(anonymous_1)
FNF:2
FNH:2
FNDA:5,Statistics
FNDA:1,(anonymous_1)
DA:14,1
DA:19,1
DA:24,1
DA:30,5
DA:32,5
DA:33,1
DA:34,0
DA:44,1
DA:52,5
DA:53,4
DA:59,1
DA:60,1
DA:68,5
DA:71,1
LF:14
LH:13
BRDA:33,0,0,0
BRDA:33,0,1,1
BRDA:52,1,0,4
BRDA:52,1,1,1
BRF:4
BRH:3
end_of_record
TN:
SF:src\screens\Explore\NoData.tsx
FN:6,NoData
FNF:1
FNH:0
FNDA:0,NoData
DA:7,0
DA:15,1
LF:2
LH:1
BRF:0
BRH:0
end_of_record
TN:
SF:src\screens\Explore\Search.tsx
FN:18,Search
FN:28,(anonymous_1)
FNF:2
FNH:1
FNDA:5,Search
FNDA:0,(anonymous_1)
DA:13,1
DA:24,5
DA:28,0
DA:45,1
LF:4
LH:3
BRF:0
BRH:0
end_of_record
TN:
SF:src\screens\Explore\Separator.tsx
FN:12,Separator
FNF:1
FNH:1
FNDA:21,Separator
DA:4,1
DA:13,21
LF:2
LH:2
BRF:0
BRH:0
end_of_record
TN:
SF:src\screens\Explore\StockListItem.tsx
FN:31,StockListItem
FNF:1
FNH:1
FNDA:20,StockListItem
DA:15,1
DA:21,1
DA:27,1
DA:32,20
DA:51,1
LF:5
LH:5
BRF:0
BRH:0
end_of_record
TN:
SF:src\screens\Explore\index.tsx
FN:31,(anonymous_0)
FN:40,(anonymous_1)
FN:46,(anonymous_2)
FN:51,(anonymous_3)
FN:56,(anonymous_4)
FN:59,(anonymous_5)
FN:63,(anonymous_6)
FN:104,(anonymous_7)
FNF:8
FNH:6
FNDA:8,(anonymous_0)
FNDA:1,(anonymous_1)
FNDA:0,(anonymous_2)
FNDA:0,(anonymous_3)
FNDA:1,(anonymous_4)
FNDA:20,(anonymous_5)
FNDA:1,(anonymous_6)
FNDA:2,(anonymous_7)
DA:17,1
DA:23,1
DA:31,1
DA:32,8
DA:33,8
DA:34,8
DA:36,8
DA:37,8
DA:38,8
DA:40,8
DA:43,1
DA:45,1
DA:46,0
DA:47,0
DA:48,0
DA:50,1
DA:51,1
DA:52,0
DA:56,8
DA:57,1
DA:59,8
DA:60,20
DA:63,1
DA:69,8
DA:78,8
DA:80,5
DA:88,5
DA:89,0
DA:98,5
DA:105,2
DA:106,0
DA:107,0
DA:118,8
LF:33
LH:26
BRDA:45,0,0,0
BRDA:45,0,1,1
BRDA:47,1,0,0
BRDA:47,1,1,0
BRDA:52,2,0,0
BRDA:52,2,1,0
BRDA:72,3,0,0
BRDA:72,3,1,8
BRDA:72,4,0,8
BRDA:72,4,1,8
BRDA:72,4,2,0
BRDA:78,5,0,3
BRDA:78,5,1,5
BRDA:78,6,0,8
BRDA:78,6,1,3
BRDA:88,7,0,0
BRDA:88,7,1,5
BRDA:88,8,0,5
BRDA:88,8,1,0
BRDA:105,9,0,0
BRDA:105,9,1,2
BRDA:105,10,0,2
BRDA:105,10,1,0
BRF:23
BRH:12
end_of_record
